[ 2017-05-29T09:00:30+08:00 ] ::1 /wxbook/api.php?c=Weixin&a=getToken
INFO: [ app_init ] --START--
INFO: Run Behavior\BuildLiteBehavior [ RunTime:0.001000s ]
INFO: [ app_init ] --END-- [ RunTime:0.003000s ]
INFO: [ app_begin ] --START--
INFO: Run Behavior\ReadHtmlCacheBehavior [ RunTime:0.002000s ]
INFO: [ app_begin ] --END-- [ RunTime:0.002000s ]

[ 2017-05-29T09:00:59+08:00 ] ::1 /wxbook/api.php?c=Weixin&a=getToken
INFO: [ app_init ] --START--
INFO: Run Behavior\BuildLiteBehavior [ RunTime:0.001001s ]
INFO: [ app_init ] --END-- [ RunTime:0.001001s ]
INFO: [ app_begin ] --START--
INFO: Run Behavior\ReadHtmlCacheBehavior [ RunTime:0.001000s ]
INFO: [ app_begin ] --END-- [ RunTime:0.001000s ]

[ 2017-05-29T09:01:06+08:00 ] ::1 /wxbook/api.php?c=Weixin&a=getToken
INFO: [ app_init ] --START--
INFO: Run Behavior\BuildLiteBehavior [ RunTime:0.000000s ]
INFO: [ app_init ] --END-- [ RunTime:0.003001s ]
INFO: [ app_begin ] --START--
INFO: Run Behavior\ReadHtmlCacheBehavior [ RunTime:0.000000s ]
INFO: [ app_begin ] --END-- [ RunTime:0.000000s ]

[ 2017-05-29T09:22:52+08:00 ] ::1 /wxbook/api.php?c=Weixin&a=getToken
INFO: [ app_init ] --START--
INFO: Run Behavior\BuildLiteBehavior [ RunTime:0.000000s ]
INFO: [ app_init ] --END-- [ RunTime:0.000000s ]
INFO: [ app_begin ] --START--
INFO: Run Behavior\ReadHtmlCacheBehavior [ RunTime:0.000000s ]
INFO: [ app_begin ] --END-- [ RunTime:0.000000s ]

[ 2017-05-29T09:23:44+08:00 ] ::1 /wxbook/api.php?c=Weixin&a=getToken
INFO: [ app_init ] --START--
INFO: Run Behavior\BuildLiteBehavior [ RunTime:0.000000s ]
INFO: [ app_init ] --END-- [ RunTime:0.001000s ]
INFO: [ app_begin ] --START--
INFO: Run Behavior\ReadHtmlCacheBehavior [ RunTime:0.000000s ]
INFO: [ app_begin ] --END-- [ RunTime:0.001000s ]

[ 2017-05-29T09:24:32+08:00 ] ::1 /wxbook/api.php?c=Weixin&a=getToken
INFO: [ app_init ] --START--
INFO: Run Behavior\BuildLiteBehavior [ RunTime:0.000000s ]
INFO: [ app_init ] --END-- [ RunTime:0.000000s ]
INFO: [ app_begin ] --START--
INFO: Run Behavior\ReadHtmlCacheBehavior [ RunTime:0.000000s ]
INFO: [ app_begin ] --END-- [ RunTime:0.000000s ]

[ 2017-05-29T09:24:37+08:00 ] ::1 /wxbook/api.php?c=Weixin&a=getToken
INFO: [ app_init ] --START--
INFO: Run Behavior\BuildLiteBehavior [ RunTime:0.000000s ]
INFO: [ app_init ] --END-- [ RunTime:0.002000s ]
INFO: [ app_begin ] --START--
INFO: Run Behavior\ReadHtmlCacheBehavior [ RunTime:0.001000s ]
INFO: [ app_begin ] --END-- [ RunTime:0.001000s ]

[ 2017-05-29T09:25:41+08:00 ] ::1 /wxbook/api.php?c=Weixin&a=getToken
INFO: [ app_init ] --START--
INFO: Run Behavior\BuildLiteBehavior [ RunTime:0.000000s ]
INFO: [ app_init ] --END-- [ RunTime:0.000000s ]
INFO: [ app_begin ] --START--
INFO: Run Behavior\ReadHtmlCacheBehavior [ RunTime:0.000000s ]
INFO: [ app_begin ] --END-- [ RunTime:0.000000s ]
ERR: 1146:La table 'wxbook.wxbook_weixin' n'existe pas
 [ SQL语句 ] : SHOW COLUMNS FROM `wxbook_weixin`
ERR: 1146:La table 'wxbook.wxbook_weixin' n'existe pas
 [ SQL语句 ] : SHOW COLUMNS FROM `wxbook_weixin`

[ 2017-05-29T09:25:50+08:00 ] ::1 /wxbook/api.php?c=Weixin&a=getToken
INFO: [ app_init ] --START--
INFO: Run Behavior\BuildLiteBehavior [ RunTime:0.000000s ]
INFO: [ app_init ] --END-- [ RunTime:0.001000s ]
INFO: [ app_begin ] --START--
INFO: Run Behavior\ReadHtmlCacheBehavior [ RunTime:0.001001s ]
INFO: [ app_begin ] --END-- [ RunTime:0.001001s ]
ERR: 1146:La table 'wxbook.wxbook_weixin' n'existe pas
 [ SQL语句 ] : SHOW COLUMNS FROM `wxbook_weixin`
ERR: 1146:La table 'wxbook.wxbook_weixin' n'existe pas
 [ SQL语句 ] : SHOW COLUMNS FROM `wxbook_weixin`

[ 2017-05-29T09:30:25+08:00 ] ::1 /wxbook/api.php?c=Weixin&a=getToken
INFO: [ app_init ] --START--
INFO: Run Behavior\BuildLiteBehavior [ RunTime:0.000000s ]
INFO: [ app_init ] --END-- [ RunTime:0.000000s ]
INFO: [ app_begin ] --START--
INFO: Run Behavior\ReadHtmlCacheBehavior [ RunTime:0.000000s ]
INFO: [ app_begin ] --END-- [ RunTime:0.000000s ]
ERR: 1146:La table 'wxbook.wxbook_weixin' n'existe pas
 [ SQL语句 ] : SHOW COLUMNS FROM `wxbook_weixin`
ERR: 1146:La table 'wxbook.wxbook_weixin' n'existe pas
 [ SQL语句 ] : SHOW COLUMNS FROM `wxbook_weixin`

[ 2017-05-29T09:30:28+08:00 ] ::1 /wxbook/api.php?c=Weixin&a=getToken
INFO: [ app_init ] --START--
INFO: Run Behavior\BuildLiteBehavior [ RunTime:0.000000s ]
INFO: [ app_init ] --END-- [ RunTime:0.000000s ]
INFO: [ app_begin ] --START--
INFO: Run Behavior\ReadHtmlCacheBehavior [ RunTime:0.001000s ]
INFO: [ app_begin ] --END-- [ RunTime:0.001000s ]
ERR: 1146:La table 'wxbook.wxbook_weixin' n'existe pas
 [ SQL语句 ] : SHOW COLUMNS FROM `wxbook_weixin`
ERR: 1146:La table 'wxbook.wxbook_weixin' n'existe pas
 [ SQL语句 ] : SHOW COLUMNS FROM `wxbook_weixin`

[ 2017-05-29T09:30:30+08:00 ] ::1 /wxbook/api.php?c=Weixin&a=getToken
INFO: [ app_init ] --START--
INFO: Run Behavior\BuildLiteBehavior [ RunTime:0.000000s ]
INFO: [ app_init ] --END-- [ RunTime:0.001000s ]
INFO: [ app_begin ] --START--
INFO: Run Behavior\ReadHtmlCacheBehavior [ RunTime:0.000000s ]
INFO: [ app_begin ] --END-- [ RunTime:0.001000s ]
ERR: 1146:La table 'wxbook.wxbook_weixin' n'existe pas
 [ SQL语句 ] : SHOW COLUMNS FROM `wxbook_weixin`
ERR: 1146:La table 'wxbook.wxbook_weixin' n'existe pas
 [ SQL语句 ] : SHOW COLUMNS FROM `wxbook_weixin`

[ 2017-05-29T09:30:31+08:00 ] ::1 /wxbook/api.php?c=Weixin&a=getToken
INFO: [ app_init ] --START--
INFO: Run Behavior\BuildLiteBehavior [ RunTime:0.000000s ]
INFO: [ app_init ] --END-- [ RunTime:0.002000s ]
INFO: [ app_begin ] --START--
INFO: Run Behavior\ReadHtmlCacheBehavior [ RunTime:0.001000s ]
INFO: [ app_begin ] --END-- [ RunTime:0.002000s ]
ERR: 1146:La table 'wxbook.wxbook_weixin' n'existe pas
 [ SQL语句 ] : SHOW COLUMNS FROM `wxbook_weixin`
ERR: 1146:La table 'wxbook.wxbook_weixin' n'existe pas
 [ SQL语句 ] : SHOW COLUMNS FROM `wxbook_weixin`

[ 2017-05-29T09:30:56+08:00 ] ::1 /wxbook/api.php?c=Weixin&a=getToken
INFO: [ app_init ] --START--
INFO: Run Behavior\BuildLiteBehavior [ RunTime:0.000000s ]
INFO: [ app_init ] --END-- [ RunTime:0.001000s ]
INFO: [ app_begin ] --START--
INFO: Run Behavior\ReadHtmlCacheBehavior [ RunTime:0.001000s ]
INFO: [ app_begin ] --END-- [ RunTime:0.001000s ]
SQL: SHOW COLUMNS FROM `wxbook_token` [ RunTime:0.0040s ]
ERR: Think\Model:getToken方法不存在！

[ 2017-05-29T09:32:01+08:00 ] ::1 /wxbook/api.php?c=Weixin&a=getToken
INFO: [ app_init ] --START--
INFO: Run Behavior\BuildLiteBehavior [ RunTime:0.000000s ]
INFO: [ app_init ] --END-- [ RunTime:0.001001s ]
INFO: [ app_begin ] --START--
INFO: Run Behavior\ReadHtmlCacheBehavior [ RunTime:0.000000s ]
INFO: [ app_begin ] --END-- [ RunTime:0.001000s ]

[ 2017-05-29T09:32:07+08:00 ] ::1 /wxbook/api.php?c=Weixin&a=getToken
INFO: [ app_init ] --START--
INFO: Run Behavior\BuildLiteBehavior [ RunTime:0.000000s ]
INFO: [ app_init ] --END-- [ RunTime:0.001000s ]
INFO: [ app_begin ] --START--
INFO: Run Behavior\ReadHtmlCacheBehavior [ RunTime:0.001000s ]
INFO: [ app_begin ] --END-- [ RunTime:0.001000s ]
SQL: SHOW COLUMNS FROM `wxbook_token` [ RunTime:0.0050s ]
ERR: Think\Model:getToken方法不存在！

[ 2017-05-29T09:33:07+08:00 ] ::1 /wxbook/api.php?c=Weixin&a=getToken
INFO: [ app_init ] --START--
INFO: Run Behavior\BuildLiteBehavior [ RunTime:0.000000s ]
INFO: [ app_init ] --END-- [ RunTime:0.001000s ]
INFO: [ app_begin ] --START--
INFO: Run Behavior\ReadHtmlCacheBehavior [ RunTime:0.001000s ]
INFO: [ app_begin ] --END-- [ RunTime:0.001000s ]
SQL: SHOW COLUMNS FROM `wxbook_token` [ RunTime:0.0060s ]
ERR: Think\Model:getToken方法不存在！

[ 2017-05-29T09:33:08+08:00 ] ::1 /wxbook/api.php?c=Weixin&a=getToken
INFO: [ app_init ] --START--
INFO: Run Behavior\BuildLiteBehavior [ RunTime:0.000000s ]
INFO: [ app_init ] --END-- [ RunTime:0.001000s ]
INFO: [ app_begin ] --START--
INFO: Run Behavior\ReadHtmlCacheBehavior [ RunTime:0.001000s ]
INFO: [ app_begin ] --END-- [ RunTime:0.001000s ]
SQL: SHOW COLUMNS FROM `wxbook_token` [ RunTime:0.0040s ]
ERR: Think\Model:getToken方法不存在！

[ 2017-05-29T09:33:14+08:00 ] ::1 /wxbook/api.php?c=Weixin&a=getToken
INFO: [ app_init ] --START--
INFO: Run Behavior\BuildLiteBehavior [ RunTime:0.000000s ]
INFO: [ app_init ] --END-- [ RunTime:0.000000s ]
INFO: [ app_begin ] --START--
INFO: Run Behavior\ReadHtmlCacheBehavior [ RunTime:0.001000s ]
INFO: [ app_begin ] --END-- [ RunTime:0.001000s ]
SQL: SHOW COLUMNS FROM `wxbook_token` [ RunTime:0.0050s ]
ERR: Think\Model:getToken方法不存在！

[ 2017-05-29T09:33:14+08:00 ] ::1 /wxbook/api.php?c=Weixin&a=getToken
INFO: [ app_init ] --START--
INFO: Run Behavior\BuildLiteBehavior [ RunTime:0.000000s ]
INFO: [ app_init ] --END-- [ RunTime:0.001000s ]
INFO: [ app_begin ] --START--
INFO: Run Behavior\ReadHtmlCacheBehavior [ RunTime:0.001000s ]
INFO: [ app_begin ] --END-- [ RunTime:0.001000s ]
SQL: SHOW COLUMNS FROM `wxbook_token` [ RunTime:0.0070s ]
ERR: Think\Model:getToken方法不存在！

[ 2017-05-29T09:33:14+08:00 ] ::1 /wxbook/api.php?c=Weixin&a=getToken
INFO: [ app_init ] --START--
INFO: Run Behavior\BuildLiteBehavior [ RunTime:0.000000s ]
INFO: [ app_init ] --END-- [ RunTime:0.000000s ]
INFO: [ app_begin ] --START--
INFO: Run Behavior\ReadHtmlCacheBehavior [ RunTime:0.001000s ]
INFO: [ app_begin ] --END-- [ RunTime:0.001000s ]
SQL: SHOW COLUMNS FROM `wxbook_token` [ RunTime:0.0050s ]
ERR: Think\Model:getToken方法不存在！

[ 2017-05-29T09:33:14+08:00 ] ::1 /wxbook/api.php?c=Weixin&a=getToken
INFO: [ app_init ] --START--
INFO: Run Behavior\BuildLiteBehavior [ RunTime:0.000000s ]
INFO: [ app_init ] --END-- [ RunTime:0.000000s ]
INFO: [ app_begin ] --START--
INFO: Run Behavior\ReadHtmlCacheBehavior [ RunTime:0.001000s ]
INFO: [ app_begin ] --END-- [ RunTime:0.001000s ]
SQL: SHOW COLUMNS FROM `wxbook_token` [ RunTime:0.0050s ]
ERR: Think\Model:getToken方法不存在！

[ 2017-05-29T09:33:14+08:00 ] ::1 /wxbook/api.php?c=Weixin&a=getToken
INFO: [ app_init ] --START--
INFO: Run Behavior\BuildLiteBehavior [ RunTime:0.000000s ]
INFO: [ app_init ] --END-- [ RunTime:0.001000s ]
INFO: [ app_begin ] --START--
INFO: Run Behavior\ReadHtmlCacheBehavior [ RunTime:0.001000s ]
INFO: [ app_begin ] --END-- [ RunTime:0.001000s ]
SQL: SHOW COLUMNS FROM `wxbook_token` [ RunTime:0.0050s ]
ERR: Think\Model:getToken方法不存在！

[ 2017-05-29T09:33:15+08:00 ] ::1 /wxbook/api.php?c=Weixin&a=getToken
INFO: [ app_init ] --START--
INFO: Run Behavior\BuildLiteBehavior [ RunTime:0.000000s ]
INFO: [ app_init ] --END-- [ RunTime:0.001000s ]
INFO: [ app_begin ] --START--
INFO: Run Behavior\ReadHtmlCacheBehavior [ RunTime:0.000000s ]
INFO: [ app_begin ] --END-- [ RunTime:0.001000s ]
SQL: SHOW COLUMNS FROM `wxbook_token` [ RunTime:0.0050s ]
ERR: Think\Model:getToken方法不存在！

[ 2017-05-29T09:33:15+08:00 ] ::1 /wxbook/api.php?c=Weixin&a=getToken
INFO: [ app_init ] --START--
INFO: Run Behavior\BuildLiteBehavior [ RunTime:0.000000s ]
INFO: [ app_init ] --END-- [ RunTime:0.002000s ]
INFO: [ app_begin ] --START--
INFO: Run Behavior\ReadHtmlCacheBehavior [ RunTime:0.001000s ]
INFO: [ app_begin ] --END-- [ RunTime:0.001000s ]
SQL: SHOW COLUMNS FROM `wxbook_token` [ RunTime:0.0050s ]
ERR: Think\Model:getToken方法不存在！

[ 2017-05-29T09:33:58+08:00 ] ::1 /wxbook/api.php?c=Weixin&a=getToken
INFO: [ app_init ] --START--
INFO: Run Behavior\BuildLiteBehavior [ RunTime:0.000000s ]
INFO: [ app_init ] --END-- [ RunTime:0.002000s ]
INFO: [ app_begin ] --START--
INFO: Run Behavior\ReadHtmlCacheBehavior [ RunTime:0.001000s ]
INFO: [ app_begin ] --END-- [ RunTime:0.001000s ]
SQL: SHOW COLUMNS FROM `wxbook_token` [ RunTime:0.0070s ]
SQL: SELECT * FROM `wxbook_token` ORDER BY time desc LIMIT 1   [ RunTime:0.0010s ]

[ 2017-05-29T09:33:59+08:00 ] ::1 /wxbook/api.php?c=Weixin&a=getToken
INFO: [ app_init ] --START--
INFO: Run Behavior\BuildLiteBehavior [ RunTime:0.000000s ]
INFO: [ app_init ] --END-- [ RunTime:0.001000s ]
INFO: [ app_begin ] --START--
INFO: Run Behavior\ReadHtmlCacheBehavior [ RunTime:0.000000s ]
INFO: [ app_begin ] --END-- [ RunTime:0.001000s ]
SQL: SHOW COLUMNS FROM `wxbook_token` [ RunTime:0.0050s ]
SQL: SELECT * FROM `wxbook_token` ORDER BY time desc LIMIT 1   [ RunTime:0.0010s ]

[ 2017-05-29T09:50:07+08:00 ] ::1 /wxbook/api.php?c=Weixin&a=getToken
INFO: [ app_init ] --START--
INFO: Run Behavior\BuildLiteBehavior [ RunTime:0.000000s ]
INFO: [ app_init ] --END-- [ RunTime:0.000000s ]
INFO: [ app_begin ] --START--
INFO: Run Behavior\ReadHtmlCacheBehavior [ RunTime:0.001000s ]
INFO: [ app_begin ] --END-- [ RunTime:0.001000s ]
SQL: SHOW COLUMNS FROM `wxbook_token` [ RunTime:0.0100s ]
SQL: SELECT * FROM `wxbook_token` ORDER BY time desc LIMIT 1   [ RunTime:0.0010s ]
NOTIC: [2] curl_exec() expects exactly 1 parameter, 0 given C:\wamp\www\wxbook\Application\Api\Controller\WeixinController.class.php 第 16 行.

[ 2017-05-29T09:50:31+08:00 ] ::1 /wxbook/api.php?c=Weixin&a=getToken
INFO: [ app_init ] --START--
INFO: Run Behavior\BuildLiteBehavior [ RunTime:0.000000s ]
INFO: [ app_init ] --END-- [ RunTime:0.001000s ]
INFO: [ app_begin ] --START--
INFO: Run Behavior\ReadHtmlCacheBehavior [ RunTime:0.001001s ]
INFO: [ app_begin ] --END-- [ RunTime:0.001001s ]
SQL: SHOW COLUMNS FROM `wxbook_token` [ RunTime:0.0110s ]
SQL: SELECT * FROM `wxbook_token` ORDER BY time desc LIMIT 1   [ RunTime:0.0010s ]
NOTIC: [2] curl_exec() expects exactly 1 parameter, 0 given C:\wamp\www\wxbook\Application\Api\Controller\WeixinController.class.php 第 16 行.
INFO: [ app_end ] --START--
INFO: Run Behavior\ShowPageTraceBehavior [ RunTime:0.005001s ]
INFO: [ app_end ] --END-- [ RunTime:0.005001s ]

[ 2017-05-29T09:50:32+08:00 ] ::1 /wxbook/api.php?c=Weixin&a=getToken
INFO: [ app_init ] --START--
INFO: Run Behavior\BuildLiteBehavior [ RunTime:0.001000s ]
INFO: [ app_init ] --END-- [ RunTime:0.002000s ]
INFO: [ app_begin ] --START--
INFO: Run Behavior\ReadHtmlCacheBehavior [ RunTime:0.001000s ]
INFO: [ app_begin ] --END-- [ RunTime:0.001000s ]
SQL: SHOW COLUMNS FROM `wxbook_token` [ RunTime:0.0160s ]
SQL: SELECT * FROM `wxbook_token` ORDER BY time desc LIMIT 1   [ RunTime:0.0000s ]
NOTIC: [2] curl_exec() expects exactly 1 parameter, 0 given C:\wamp\www\wxbook\Application\Api\Controller\WeixinController.class.php 第 16 行.
INFO: [ app_end ] --START--
INFO: Run Behavior\ShowPageTraceBehavior [ RunTime:0.001000s ]
INFO: [ app_end ] --END-- [ RunTime:0.001000s ]

[ 2017-05-29T09:50:33+08:00 ] ::1 /wxbook/api.php?c=Weixin&a=getToken
INFO: [ app_init ] --START--
INFO: Run Behavior\BuildLiteBehavior [ RunTime:0.000000s ]
INFO: [ app_init ] --END-- [ RunTime:0.001001s ]
INFO: [ app_begin ] --START--
INFO: Run Behavior\ReadHtmlCacheBehavior [ RunTime:0.001000s ]
INFO: [ app_begin ] --END-- [ RunTime:0.001000s ]
SQL: SHOW COLUMNS FROM `wxbook_token` [ RunTime:0.0100s ]
SQL: SELECT * FROM `wxbook_token` ORDER BY time desc LIMIT 1   [ RunTime:0.0010s ]
NOTIC: [2] curl_exec() expects exactly 1 parameter, 0 given C:\wamp\www\wxbook\Application\Api\Controller\WeixinController.class.php 第 16 行.
INFO: [ app_end ] --START--
INFO: Run Behavior\ShowPageTraceBehavior [ RunTime:0.001000s ]
INFO: [ app_end ] --END-- [ RunTime:0.001000s ]

[ 2017-05-29T09:50:33+08:00 ] ::1 /wxbook/api.php?c=Weixin&a=getToken
INFO: [ app_init ] --START--
INFO: Run Behavior\BuildLiteBehavior [ RunTime:0.000000s ]
INFO: [ app_init ] --END-- [ RunTime:0.001000s ]
INFO: [ app_begin ] --START--
INFO: Run Behavior\ReadHtmlCacheBehavior [ RunTime:0.001000s ]
INFO: [ app_begin ] --END-- [ RunTime:0.001000s ]
SQL: SHOW COLUMNS FROM `wxbook_token` [ RunTime:0.0110s ]
SQL: SELECT * FROM `wxbook_token` ORDER BY time desc LIMIT 1   [ RunTime:0.0000s ]
NOTIC: [2] curl_exec() expects exactly 1 parameter, 0 given C:\wamp\www\wxbook\Application\Api\Controller\WeixinController.class.php 第 16 行.
INFO: [ app_end ] --START--
INFO: Run Behavior\ShowPageTraceBehavior [ RunTime:0.000000s ]
INFO: [ app_end ] --END-- [ RunTime:0.001001s ]

[ 2017-05-29T09:50:33+08:00 ] ::1 /wxbook/api.php?c=Weixin&a=getToken
INFO: [ app_init ] --START--
INFO: Run Behavior\BuildLiteBehavior [ RunTime:0.000000s ]
INFO: [ app_init ] --END-- [ RunTime:0.001000s ]
INFO: [ app_begin ] --START--
INFO: Run Behavior\ReadHtmlCacheBehavior [ RunTime:0.000000s ]
INFO: [ app_begin ] --END-- [ RunTime:0.001000s ]
SQL: SHOW COLUMNS FROM `wxbook_token` [ RunTime:0.0110s ]
SQL: SELECT * FROM `wxbook_token` ORDER BY time desc LIMIT 1   [ RunTime:0.0000s ]
NOTIC: [2] curl_exec() expects exactly 1 parameter, 0 given C:\wamp\www\wxbook\Application\Api\Controller\WeixinController.class.php 第 16 行.
INFO: [ app_end ] --START--
INFO: Run Behavior\ShowPageTraceBehavior [ RunTime:0.001000s ]
INFO: [ app_end ] --END-- [ RunTime:0.001000s ]

[ 2017-05-29T10:00:42+08:00 ] ::1 /wxbook/api.php?c=Weixin&a=getToken
INFO: [ app_init ] --START--
INFO: Run Behavior\BuildLiteBehavior [ RunTime:0.000000s ]
INFO: [ app_init ] --END-- [ RunTime:0.001000s ]
INFO: [ app_begin ] --START--
INFO: Run Behavior\ReadHtmlCacheBehavior [ RunTime:0.002000s ]
INFO: [ app_begin ] --END-- [ RunTime:0.002000s ]
SQL: SHOW COLUMNS FROM `wxbook_token` [ RunTime:0.0150s ]
SQL: SELECT * FROM `wxbook_token` ORDER BY time desc LIMIT 1   [ RunTime:0.0010s ]

[ 2017-05-29T10:00:42+08:00 ] ::1 /wxbook/api.php?c=Weixin&a=getToken
INFO: [ app_init ] --START--
INFO: Run Behavior\BuildLiteBehavior [ RunTime:0.000000s ]
INFO: [ app_init ] --END-- [ RunTime:0.001000s ]
INFO: [ app_begin ] --START--
INFO: Run Behavior\ReadHtmlCacheBehavior [ RunTime:0.001000s ]
INFO: [ app_begin ] --END-- [ RunTime:0.001000s ]
SQL: SHOW COLUMNS FROM `wxbook_token` [ RunTime:0.0110s ]
SQL: SELECT * FROM `wxbook_token` ORDER BY time desc LIMIT 1   [ RunTime:0.0010s ]

[ 2017-05-29T10:00:42+08:00 ] ::1 /wxbook/api.php?c=Weixin&a=getToken
INFO: [ app_init ] --START--
INFO: Run Behavior\BuildLiteBehavior [ RunTime:0.000000s ]
INFO: [ app_init ] --END-- [ RunTime:0.000000s ]
INFO: [ app_begin ] --START--
INFO: Run Behavior\ReadHtmlCacheBehavior [ RunTime:0.001000s ]
INFO: [ app_begin ] --END-- [ RunTime:0.001000s ]
SQL: SHOW COLUMNS FROM `wxbook_token` [ RunTime:0.0110s ]
SQL: SELECT * FROM `wxbook_token` ORDER BY time desc LIMIT 1   [ RunTime:0.0000s ]

[ 2017-05-29T10:00:43+08:00 ] ::1 /wxbook/api.php?c=Weixin&a=getToken
INFO: [ app_init ] --START--
INFO: Run Behavior\BuildLiteBehavior [ RunTime:0.000000s ]
INFO: [ app_init ] --END-- [ RunTime:0.000000s ]
INFO: [ app_begin ] --START--
INFO: Run Behavior\ReadHtmlCacheBehavior [ RunTime:0.001000s ]
INFO: [ app_begin ] --END-- [ RunTime:0.001000s ]
SQL: SHOW COLUMNS FROM `wxbook_token` [ RunTime:0.0100s ]
SQL: SELECT * FROM `wxbook_token` ORDER BY time desc LIMIT 1   [ RunTime:0.0010s ]

[ 2017-05-29T10:00:43+08:00 ] ::1 /wxbook/api.php?c=Weixin&a=getToken
INFO: [ app_init ] --START--
INFO: Run Behavior\BuildLiteBehavior [ RunTime:0.000000s ]
INFO: [ app_init ] --END-- [ RunTime:0.001000s ]
INFO: [ app_begin ] --START--
INFO: Run Behavior\ReadHtmlCacheBehavior [ RunTime:0.001000s ]
INFO: [ app_begin ] --END-- [ RunTime:0.001000s ]
SQL: SHOW COLUMNS FROM `wxbook_token` [ RunTime:0.0120s ]
SQL: SELECT * FROM `wxbook_token` ORDER BY time desc LIMIT 1   [ RunTime:0.0000s ]

[ 2017-05-29T10:00:43+08:00 ] ::1 /wxbook/api.php?c=Weixin&a=getToken
INFO: [ app_init ] --START--
INFO: Run Behavior\BuildLiteBehavior [ RunTime:0.000000s ]
INFO: [ app_init ] --END-- [ RunTime:0.001000s ]
INFO: [ app_begin ] --START--
INFO: Run Behavior\ReadHtmlCacheBehavior [ RunTime:0.001001s ]
INFO: [ app_begin ] --END-- [ RunTime:0.001001s ]
SQL: SHOW COLUMNS FROM `wxbook_token` [ RunTime:0.0110s ]
SQL: SELECT * FROM `wxbook_token` ORDER BY time desc LIMIT 1   [ RunTime:0.0000s ]

[ 2017-05-29T10:00:43+08:00 ] ::1 /wxbook/api.php?c=Weixin&a=getToken
INFO: [ app_init ] --START--
INFO: Run Behavior\BuildLiteBehavior [ RunTime:0.000000s ]
INFO: [ app_init ] --END-- [ RunTime:0.001000s ]
INFO: [ app_begin ] --START--
INFO: Run Behavior\ReadHtmlCacheBehavior [ RunTime:0.001000s ]
INFO: [ app_begin ] --END-- [ RunTime:0.001000s ]
SQL: SHOW COLUMNS FROM `wxbook_token` [ RunTime:0.0110s ]
SQL: SELECT * FROM `wxbook_token` ORDER BY time desc LIMIT 1   [ RunTime:0.0000s ]

[ 2017-05-29T10:05:08+08:00 ] ::1 /wxbook/api.php?c=Weixin&a=getToken
INFO: [ app_init ] --START--
INFO: Run Behavior\BuildLiteBehavior [ RunTime:0.000000s ]
INFO: [ app_init ] --END-- [ RunTime:0.001000s ]
INFO: [ app_begin ] --START--
INFO: Run Behavior\ReadHtmlCacheBehavior [ RunTime:0.000000s ]
INFO: [ app_begin ] --END-- [ RunTime:0.002000s ]

[ 2017-05-29T10:05:16+08:00 ] ::1 /wxbook/api.php?c=Weixin&a=getToken
INFO: [ app_init ] --START--
INFO: Run Behavior\BuildLiteBehavior [ RunTime:0.000000s ]
INFO: [ app_init ] --END-- [ RunTime:0.001000s ]
INFO: [ app_begin ] --START--
INFO: Run Behavior\ReadHtmlCacheBehavior [ RunTime:0.001000s ]
INFO: [ app_begin ] --END-- [ RunTime:0.002000s ]
SQL: SHOW COLUMNS FROM `wxbook_token` [ RunTime:0.0070s ]
SQL: SELECT * FROM `wxbook_token` ORDER BY time desc LIMIT 1   [ RunTime:0.0000s ]
NOTIC: [2] curl_exec() expects exactly 1 parameter, 0 given C:\wamp\www\wxbook\Application\Api\Controller\CommonController.class.php 第 15 行.

[ 2017-05-29T10:05:17+08:00 ] ::1 /wxbook/api.php?c=Weixin&a=getToken
INFO: [ app_init ] --START--
INFO: Run Behavior\BuildLiteBehavior [ RunTime:0.000000s ]
INFO: [ app_init ] --END-- [ RunTime:0.001000s ]
INFO: [ app_begin ] --START--
INFO: Run Behavior\ReadHtmlCacheBehavior [ RunTime:0.001001s ]
INFO: [ app_begin ] --END-- [ RunTime:0.002001s ]
SQL: SHOW COLUMNS FROM `wxbook_token` [ RunTime:0.0060s ]
SQL: SELECT * FROM `wxbook_token` ORDER BY time desc LIMIT 1   [ RunTime:0.0010s ]
NOTIC: [2] curl_exec() expects exactly 1 parameter, 0 given C:\wamp\www\wxbook\Application\Api\Controller\CommonController.class.php 第 15 行.

[ 2017-05-29T10:05:17+08:00 ] ::1 /wxbook/api.php?c=Weixin&a=getToken
INFO: [ app_init ] --START--
INFO: Run Behavior\BuildLiteBehavior [ RunTime:0.000000s ]
INFO: [ app_init ] --END-- [ RunTime:0.001000s ]
INFO: [ app_begin ] --START--
INFO: Run Behavior\ReadHtmlCacheBehavior [ RunTime:0.001000s ]
INFO: [ app_begin ] --END-- [ RunTime:0.001000s ]
SQL: SHOW COLUMNS FROM `wxbook_token` [ RunTime:0.0040s ]
SQL: SELECT * FROM `wxbook_token` ORDER BY time desc LIMIT 1   [ RunTime:0.0000s ]
NOTIC: [2] curl_exec() expects exactly 1 parameter, 0 given C:\wamp\www\wxbook\Application\Api\Controller\CommonController.class.php 第 15 行.

[ 2017-05-29T10:05:17+08:00 ] ::1 /wxbook/api.php?c=Weixin&a=getToken
INFO: [ app_init ] --START--
INFO: Run Behavior\BuildLiteBehavior [ RunTime:0.000000s ]
INFO: [ app_init ] --END-- [ RunTime:0.001000s ]
INFO: [ app_begin ] --START--
INFO: Run Behavior\ReadHtmlCacheBehavior [ RunTime:0.001000s ]
INFO: [ app_begin ] --END-- [ RunTime:0.001000s ]
SQL: SHOW COLUMNS FROM `wxbook_token` [ RunTime:0.0040s ]
SQL: SELECT * FROM `wxbook_token` ORDER BY time desc LIMIT 1   [ RunTime:0.0000s ]
NOTIC: [2] curl_exec() expects exactly 1 parameter, 0 given C:\wamp\www\wxbook\Application\Api\Controller\CommonController.class.php 第 15 行.

[ 2017-05-29T10:06:16+08:00 ] ::1 /wxbook/api.php?c=Weixin&a=getToken
INFO: [ app_init ] --START--
INFO: Run Behavior\BuildLiteBehavior [ RunTime:0.000000s ]
INFO: [ app_init ] --END-- [ RunTime:0.001000s ]
INFO: [ app_begin ] --START--
INFO: Run Behavior\ReadHtmlCacheBehavior [ RunTime:0.000000s ]
INFO: [ app_begin ] --END-- [ RunTime:0.001000s ]
SQL: SHOW COLUMNS FROM `wxbook_token` [ RunTime:0.0040s ]
SQL: SELECT * FROM `wxbook_token` ORDER BY time desc LIMIT 1   [ RunTime:0.0000s ]

[ 2017-05-29T10:07:40+08:00 ] ::1 /wxbook/api.php?c=Weixin&a=getToken
INFO: [ app_init ] --START--
INFO: Run Behavior\BuildLiteBehavior [ RunTime:0.000000s ]
INFO: [ app_init ] --END-- [ RunTime:0.001000s ]
INFO: [ app_begin ] --START--
INFO: Run Behavior\ReadHtmlCacheBehavior [ RunTime:0.001000s ]
INFO: [ app_begin ] --END-- [ RunTime:0.001000s ]
SQL: SHOW COLUMNS FROM `wxbook_token` [ RunTime:0.0050s ]
SQL: SELECT * FROM `wxbook_token` ORDER BY time desc LIMIT 1   [ RunTime:0.0010s ]

[ 2017-05-29T10:07:41+08:00 ] ::1 /wxbook/api.php?c=Weixin&a=getToken
INFO: [ app_init ] --START--
INFO: Run Behavior\BuildLiteBehavior [ RunTime:0.000000s ]
INFO: [ app_init ] --END-- [ RunTime:0.001000s ]
INFO: [ app_begin ] --START--
INFO: Run Behavior\ReadHtmlCacheBehavior [ RunTime:0.001000s ]
INFO: [ app_begin ] --END-- [ RunTime:0.001000s ]
SQL: SHOW COLUMNS FROM `wxbook_token` [ RunTime:0.0060s ]
SQL: SELECT * FROM `wxbook_token` ORDER BY time desc LIMIT 1   [ RunTime:0.0000s ]

[ 2017-05-29T10:08:33+08:00 ] ::1 /wxbook/api.php?c=Weixin&a=getToken
INFO: [ app_init ] --START--
INFO: Run Behavior\BuildLiteBehavior [ RunTime:0.000000s ]
INFO: [ app_init ] --END-- [ RunTime:0.000000s ]
INFO: [ app_begin ] --START--
INFO: Run Behavior\ReadHtmlCacheBehavior [ RunTime:0.001000s ]
INFO: [ app_begin ] --END-- [ RunTime:0.001000s ]
SQL: SHOW COLUMNS FROM `wxbook_token` [ RunTime:0.0050s ]
SQL: SELECT * FROM `wxbook_token` ORDER BY time desc LIMIT 1   [ RunTime:0.0000s ]

[ 2017-05-29T10:08:52+08:00 ] ::1 /wxbook/api.php?c=Weixin&a=getToken
INFO: [ app_init ] --START--
INFO: Run Behavior\BuildLiteBehavior [ RunTime:0.000000s ]
INFO: [ app_init ] --END-- [ RunTime:0.001000s ]
INFO: [ app_begin ] --START--
INFO: Run Behavior\ReadHtmlCacheBehavior [ RunTime:0.001000s ]
INFO: [ app_begin ] --END-- [ RunTime:0.001000s ]
SQL: SHOW COLUMNS FROM `wxbook_token` [ RunTime:0.0050s ]
SQL: SELECT * FROM `wxbook_token` ORDER BY time desc LIMIT 1   [ RunTime:0.0000s ]

[ 2017-05-29T10:10:49+08:00 ] ::1 /wxbook/api.php?c=Weixin&a=getToken
INFO: [ app_init ] --START--
INFO: Run Behavior\BuildLiteBehavior [ RunTime:0.000000s ]
INFO: [ app_init ] --END-- [ RunTime:0.001000s ]
INFO: [ app_begin ] --START--
INFO: Run Behavior\ReadHtmlCacheBehavior [ RunTime:0.001000s ]
INFO: [ app_begin ] --END-- [ RunTime:0.001000s ]
SQL: SHOW COLUMNS FROM `wxbook_token` [ RunTime:0.0070s ]
SQL: SELECT * FROM `wxbook_token` ORDER BY time desc LIMIT 1   [ RunTime:0.0010s ]

[ 2017-05-29T10:17:15+08:00 ] ::1 /wxbook/api.php?c=Weixin&a=getToken
INFO: [ app_init ] --START--
INFO: Run Behavior\BuildLiteBehavior [ RunTime:0.000000s ]
INFO: [ app_init ] --END-- [ RunTime:0.001000s ]
INFO: [ app_begin ] --START--
INFO: Run Behavior\ReadHtmlCacheBehavior [ RunTime:0.000000s ]
INFO: [ app_begin ] --END-- [ RunTime:0.002001s ]
SQL: SHOW COLUMNS FROM `wxbook_token` [ RunTime:0.0070s ]
SQL: SELECT * FROM `wxbook_token` ORDER BY time desc LIMIT 1   [ RunTime:0.0010s ]

[ 2017-05-29T10:18:31+08:00 ] ::1 /wxbook/api.php?c=Weixin&a=getToken
INFO: [ app_init ] --START--
INFO: Run Behavior\BuildLiteBehavior [ RunTime:0.000000s ]
INFO: [ app_init ] --END-- [ RunTime:0.001000s ]
INFO: [ app_begin ] --START--
INFO: Run Behavior\ReadHtmlCacheBehavior [ RunTime:0.001001s ]
INFO: [ app_begin ] --END-- [ RunTime:0.002001s ]
SQL: SHOW COLUMNS FROM `wxbook_token` [ RunTime:0.0050s ]
SQL: SELECT * FROM `wxbook_token` ORDER BY time desc LIMIT 1   [ RunTime:0.0000s ]

[ 2017-05-29T10:19:27+08:00 ] ::1 /wxbook/api.php?c=Weixin&a=getToken
INFO: [ app_init ] --START--
INFO: Run Behavior\BuildLiteBehavior [ RunTime:0.000000s ]
INFO: [ app_init ] --END-- [ RunTime:0.001000s ]
INFO: [ app_begin ] --START--
INFO: Run Behavior\ReadHtmlCacheBehavior [ RunTime:0.001000s ]
INFO: [ app_begin ] --END-- [ RunTime:0.001000s ]
SQL: SHOW COLUMNS FROM `wxbook_token` [ RunTime:0.0110s ]
SQL: SELECT * FROM `wxbook_token` ORDER BY time desc LIMIT 1   [ RunTime:0.0000s ]

[ 2017-05-29T10:19:56+08:00 ] ::1 /wxbook/api.php?c=Weixin&a=getToken
INFO: [ app_init ] --START--
INFO: Run Behavior\BuildLiteBehavior [ RunTime:0.000000s ]
INFO: [ app_init ] --END-- [ RunTime:0.001000s ]
INFO: [ app_begin ] --START--
INFO: Run Behavior\ReadHtmlCacheBehavior [ RunTime:0.001000s ]
INFO: [ app_begin ] --END-- [ RunTime:0.001000s ]
SQL: SHOW COLUMNS FROM `wxbook_token` [ RunTime:0.0110s ]
SQL: SELECT * FROM `wxbook_token` ORDER BY time desc LIMIT 1   [ RunTime:0.0010s ]
NOTIC: [8] Use of undefined constant access_toekn - assumed 'access_toekn' C:\wamp\www\wxbook\Application\Api\Controller\WeixinController.class.php 第 15 行.

[ 2017-05-29T10:20:01+08:00 ] ::1 /wxbook/api.php?c=Weixin&a=getToken
INFO: [ app_init ] --START--
INFO: Run Behavior\BuildLiteBehavior [ RunTime:0.000000s ]
INFO: [ app_init ] --END-- [ RunTime:0.000000s ]
INFO: [ app_begin ] --START--
INFO: Run Behavior\ReadHtmlCacheBehavior [ RunTime:0.000000s ]
INFO: [ app_begin ] --END-- [ RunTime:0.000000s ]
SQL: SHOW COLUMNS FROM `wxbook_token` [ RunTime:0.0276s ]
SQL: SELECT * FROM `wxbook_token` ORDER BY time desc LIMIT 1   [ RunTime:0.0000s ]
NOTIC: [8] Use of undefined constant access_toekn - assumed 'access_toekn' C:\wamp\www\wxbook\Application\Api\Controller\WeixinController.class.php 第 15 行.

[ 2017-05-29T10:20:27+08:00 ] ::1 /wxbook/api.php?c=Weixin&a=getToken
INFO: [ app_init ] --START--
INFO: Run Behavior\BuildLiteBehavior [ RunTime:0.000000s ]
INFO: [ app_init ] --END-- [ RunTime:0.001000s ]
INFO: [ app_begin ] --START--
INFO: Run Behavior\ReadHtmlCacheBehavior [ RunTime:0.001000s ]
INFO: [ app_begin ] --END-- [ RunTime:0.001000s ]
SQL: SHOW COLUMNS FROM `wxbook_token` [ RunTime:0.0150s ]
SQL: SELECT * FROM `wxbook_token` ORDER BY time desc LIMIT 1   [ RunTime:0.0000s ]
NOTIC: [2] Illegal string offset 'access_toekn' C:\wamp\www\wxbook\Application\Api\Controller\WeixinController.class.php 第 15 行.

[ 2017-05-29T10:20:49+08:00 ] ::1 /wxbook/api.php?c=Weixin&a=getToken
INFO: [ app_init ] --START--
INFO: Run Behavior\BuildLiteBehavior [ RunTime:0.000000s ]
INFO: [ app_init ] --END-- [ RunTime:0.001000s ]
INFO: [ app_begin ] --START--
INFO: Run Behavior\ReadHtmlCacheBehavior [ RunTime:0.000000s ]
INFO: [ app_begin ] --END-- [ RunTime:0.001000s ]
SQL: SHOW COLUMNS FROM `wxbook_token` [ RunTime:0.0156s ]
SQL: SELECT * FROM `wxbook_token` ORDER BY time desc LIMIT 1   [ RunTime:0.0000s ]

[ 2017-05-29T10:21:08+08:00 ] ::1 /wxbook/api.php?c=Weixin&a=getToken
INFO: [ app_init ] --START--
INFO: Run Behavior\BuildLiteBehavior [ RunTime:0.000000s ]
INFO: [ app_init ] --END-- [ RunTime:0.000000s ]
INFO: [ app_begin ] --START--
INFO: Run Behavior\ReadHtmlCacheBehavior [ RunTime:0.001000s ]
INFO: [ app_begin ] --END-- [ RunTime:0.001000s ]
SQL: SHOW COLUMNS FROM `wxbook_token` [ RunTime:0.0156s ]
SQL: SELECT * FROM `wxbook_token` ORDER BY time desc LIMIT 1   [ RunTime:0.0000s ]
NOTIC: [8] Use of undefined constant access_toekn - assumed 'access_toekn' C:\wamp\www\wxbook\Application\Api\Controller\WeixinController.class.php 第 15 行.

[ 2017-05-29T10:21:27+08:00 ] ::1 /wxbook/api.php?c=Weixin&a=getToken
INFO: [ app_init ] --START--
INFO: Run Behavior\BuildLiteBehavior [ RunTime:0.000000s ]
INFO: [ app_init ] --END-- [ RunTime:0.000000s ]
INFO: [ app_begin ] --START--
INFO: Run Behavior\ReadHtmlCacheBehavior [ RunTime:0.000000s ]
INFO: [ app_begin ] --END-- [ RunTime:0.000000s ]
SQL: SHOW COLUMNS FROM `wxbook_token` [ RunTime:0.0156s ]
SQL: SELECT * FROM `wxbook_token` ORDER BY time desc LIMIT 1   [ RunTime:0.0000s ]
NOTIC: [2] Illegal string offset 'access_toekn' C:\wamp\www\wxbook\Application\Api\Controller\WeixinController.class.php 第 15 行.

[ 2017-05-29T10:22:18+08:00 ] ::1 /wxbook/api.php?c=Weixin&a=getToken
INFO: [ app_init ] --START--
INFO: Run Behavior\BuildLiteBehavior [ RunTime:0.000000s ]
INFO: [ app_init ] --END-- [ RunTime:0.000000s ]
INFO: [ app_begin ] --START--
INFO: Run Behavior\ReadHtmlCacheBehavior [ RunTime:0.000000s ]
INFO: [ app_begin ] --END-- [ RunTime:0.000000s ]
SQL: SHOW COLUMNS FROM `wxbook_token` [ RunTime:0.0156s ]
SQL: SELECT * FROM `wxbook_token` ORDER BY time desc LIMIT 1   [ RunTime:0.0000s ]
NOTIC: [8] Use of undefined constant access_token - assumed 'access_token' C:\wamp\www\wxbook\Application\Api\Controller\WeixinController.class.php 第 15 行.
NOTIC: [8] Undefined variable: toekn C:\wamp\www\wxbook\Application\Api\Controller\WeixinController.class.php 第 19 行.

[ 2017-05-29T10:22:27+08:00 ] ::1 /wxbook/api.php?c=Weixin&a=getToken
INFO: [ app_init ] --START--
INFO: Run Behavior\BuildLiteBehavior [ RunTime:0.000000s ]
INFO: [ app_init ] --END-- [ RunTime:0.001000s ]
INFO: [ app_begin ] --START--
INFO: Run Behavior\ReadHtmlCacheBehavior [ RunTime:0.001000s ]
INFO: [ app_begin ] --END-- [ RunTime:0.001000s ]
SQL: SHOW COLUMNS FROM `wxbook_token` [ RunTime:0.0156s ]
SQL: SELECT * FROM `wxbook_token` ORDER BY time desc LIMIT 1   [ RunTime:0.0000s ]
NOTIC: [8] Use of undefined constant access_token - assumed 'access_token' C:\wamp\www\wxbook\Application\Api\Controller\WeixinController.class.php 第 15 行.

[ 2017-05-29T10:22:58+08:00 ] ::1 /wxbook/api.php?c=Weixin&a=getToken
INFO: [ app_init ] --START--
INFO: Run Behavior\BuildLiteBehavior [ RunTime:0.000000s ]
INFO: [ app_init ] --END-- [ RunTime:0.001000s ]
INFO: [ app_begin ] --START--
INFO: Run Behavior\ReadHtmlCacheBehavior [ RunTime:0.001000s ]
INFO: [ app_begin ] --END-- [ RunTime:0.002000s ]
SQL: SHOW COLUMNS FROM `wxbook_token` [ RunTime:0.0070s ]
SQL: SELECT * FROM `wxbook_token` ORDER BY time desc LIMIT 1   [ RunTime:0.0010s ]
NOTIC: [8] Use of undefined constant access_token - assumed 'access_token' C:\wamp\www\wxbook\Application\Api\Controller\WeixinController.class.php 第 15 行.
INFO: [ app_end ] --START--
INFO: Run Behavior\ShowPageTraceBehavior [ RunTime:0.000000s ]
INFO: [ app_end ] --END-- [ RunTime:0.000000s ]

[ 2017-05-29T10:23:17+08:00 ] ::1 /wxbook/api.php?c=Weixin&a=getToken
INFO: [ app_init ] --START--
INFO: Run Behavior\BuildLiteBehavior [ RunTime:0.001000s ]
INFO: [ app_init ] --END-- [ RunTime:0.001000s ]
INFO: [ app_begin ] --START--
INFO: Run Behavior\ReadHtmlCacheBehavior [ RunTime:0.001000s ]
INFO: [ app_begin ] --END-- [ RunTime:0.002000s ]
SQL: SHOW COLUMNS FROM `wxbook_token` [ RunTime:0.0060s ]
SQL: SELECT * FROM `wxbook_token` ORDER BY time desc LIMIT 1   [ RunTime:0.0000s ]
NOTIC: [8] Use of undefined constant access_token - assumed 'access_token' C:\wamp\www\wxbook\Application\Api\Controller\WeixinController.class.php 第 15 行.
INFO: [ app_end ] --START--
INFO: Run Behavior\ShowPageTraceBehavior [ RunTime:0.000000s ]
INFO: [ app_end ] --END-- [ RunTime:0.000000s ]

[ 2017-05-29T10:23:36+08:00 ] ::1 /wxbook/api.php?c=Weixin&a=getToken
INFO: [ app_init ] --START--
INFO: Run Behavior\BuildLiteBehavior [ RunTime:0.000000s ]
INFO: [ app_init ] --END-- [ RunTime:0.001000s ]
INFO: [ app_begin ] --START--
INFO: Run Behavior\ReadHtmlCacheBehavior [ RunTime:0.000000s ]
INFO: [ app_begin ] --END-- [ RunTime:0.001001s ]
SQL: SHOW COLUMNS FROM `wxbook_token` [ RunTime:0.0050s ]
SQL: SELECT * FROM `wxbook_token` ORDER BY time desc LIMIT 1   [ RunTime:0.0000s ]
NOTIC: [8] Use of undefined constant access_token - assumed 'access_token' C:\wamp\www\wxbook\Application\Api\Controller\WeixinController.class.php 第 15 行.
INFO: [ app_end ] --START--
INFO: Run Behavior\ShowPageTraceBehavior [ RunTime:0.000000s ]
INFO: [ app_end ] --END-- [ RunTime:0.000000s ]

[ 2017-05-29T10:23:44+08:00 ] ::1 /wxbook/api.php?c=Weixin&a=getToken
INFO: [ app_init ] --START--
INFO: Run Behavior\BuildLiteBehavior [ RunTime:0.000000s ]
INFO: [ app_init ] --END-- [ RunTime:0.001000s ]
INFO: [ app_begin ] --START--
INFO: Run Behavior\ReadHtmlCacheBehavior [ RunTime:0.001000s ]
INFO: [ app_begin ] --END-- [ RunTime:0.001000s ]
SQL: SHOW COLUMNS FROM `wxbook_token` [ RunTime:0.0110s ]
SQL: SELECT * FROM `wxbook_token` ORDER BY time desc LIMIT 1   [ RunTime:0.0010s ]
INFO: [ app_end ] --START--
INFO: Run Behavior\ShowPageTraceBehavior [ RunTime:0.015600s ]
INFO: [ app_end ] --END-- [ RunTime:0.015600s ]

[ 2017-05-29T10:24:03+08:00 ] ::1 /wxbook/api.php?c=Weixin&a=getToken
INFO: [ app_init ] --START--
INFO: Run Behavior\BuildLiteBehavior [ RunTime:0.000000s ]
INFO: [ app_init ] --END-- [ RunTime:0.000000s ]
INFO: [ app_begin ] --START--
INFO: Run Behavior\ReadHtmlCacheBehavior [ RunTime:0.000000s ]
INFO: [ app_begin ] --END-- [ RunTime:0.000000s ]
SQL: SHOW COLUMNS FROM `wxbook_token` [ RunTime:0.0156s ]
SQL: SELECT * FROM `wxbook_token` ORDER BY time desc LIMIT 1   [ RunTime:0.0000s ]
INFO: [ app_end ] --START--
INFO: Run Behavior\ShowPageTraceBehavior [ RunTime:0.000000s ]
INFO: [ app_end ] --END-- [ RunTime:0.000000s ]

[ 2017-05-29T10:24:49+08:00 ] ::1 /wxbook/api.php?c=Weixin&a=getToken
INFO: [ app_init ] --START--
INFO: Run Behavior\BuildLiteBehavior [ RunTime:0.000000s ]
INFO: [ app_init ] --END-- [ RunTime:0.000000s ]
INFO: [ app_begin ] --START--
INFO: Run Behavior\ReadHtmlCacheBehavior [ RunTime:0.001000s ]
INFO: [ app_begin ] --END-- [ RunTime:0.001000s ]
SQL: SHOW COLUMNS FROM `wxbook_token` [ RunTime:0.0110s ]
SQL: SELECT * FROM `wxbook_token` ORDER BY time desc LIMIT 1   [ RunTime:0.0000s ]
INFO: [ app_end ] --START--
INFO: Run Behavior\ShowPageTraceBehavior [ RunTime:0.002000s ]
INFO: [ app_end ] --END-- [ RunTime:0.003000s ]

[ 2017-05-29T10:25:51+08:00 ] ::1 /wxbook/api.php?c=Weixin&a=getToken
INFO: [ app_init ] --START--
INFO: Run Behavior\BuildLiteBehavior [ RunTime:0.000000s ]
INFO: [ app_init ] --END-- [ RunTime:0.001000s ]
INFO: [ app_begin ] --START--
INFO: Run Behavior\ReadHtmlCacheBehavior [ RunTime:0.001000s ]
INFO: [ app_begin ] --END-- [ RunTime:0.001000s ]
SQL: SHOW COLUMNS FROM `wxbook_token` [ RunTime:0.0110s ]
SQL: SELECT * FROM `wxbook_token` ORDER BY time desc LIMIT 1   [ RunTime:0.0010s ]

[ 2017-05-29T10:29:49+08:00 ] ::1 /wxbook/api.php?c=Weixin&a=getToken
INFO: [ app_init ] --START--
INFO: Run Behavior\BuildLiteBehavior [ RunTime:0.000000s ]
INFO: [ app_init ] --END-- [ RunTime:0.001001s ]
INFO: [ app_begin ] --START--
INFO: Run Behavior\ReadHtmlCacheBehavior [ RunTime:0.001000s ]
INFO: [ app_begin ] --END-- [ RunTime:0.001000s ]
SQL: SHOW COLUMNS FROM `wxbook_token` [ RunTime:0.0090s ]
SQL: SELECT * FROM `wxbook_token` ORDER BY time desc LIMIT 1   [ RunTime:0.0000s ]
NOTIC: [8] Use of undefined constant data - assumed 'data' C:\wamp\www\wxbook\Application\Common\Model\TokenModel.class.php 第 20 行.
NOTIC: [2] Invalid argument supplied for foreach() C:\wamp\www\wxbook\ThinkPHP\Library\Think\Model.class.php 第 267 行.
NOTIC: [2] Invalid argument supplied for foreach() C:\wamp\www\wxbook\ThinkPHP\Library\Think\Db\Driver.class.php 第 802 行.
SQL: INSERT INTO `wxbook_token` () VALUES () [ RunTime:0.0180s ]

[ 2017-05-29T10:31:21+08:00 ] ::1 /wxbook/api.php?c=Weixin&a=getToken
INFO: [ app_init ] --START--
INFO: Run Behavior\BuildLiteBehavior [ RunTime:0.000000s ]
INFO: [ app_init ] --END-- [ RunTime:0.001000s ]
INFO: [ app_begin ] --START--
INFO: Run Behavior\ReadHtmlCacheBehavior [ RunTime:0.001000s ]
INFO: [ app_begin ] --END-- [ RunTime:0.001000s ]
SQL: SHOW COLUMNS FROM `wxbook_token` [ RunTime:0.0110s ]
SQL: SELECT * FROM `wxbook_token` ORDER BY time desc LIMIT 1   [ RunTime:0.0000s ]
NOTIC: [8] Use of undefined constant data - assumed 'data' C:\wamp\www\wxbook\Application\Common\Model\TokenModel.class.php 第 22 行.
NOTIC: [2] Invalid argument supplied for foreach() C:\wamp\www\wxbook\ThinkPHP\Library\Think\Model.class.php 第 267 行.
NOTIC: [2] Invalid argument supplied for foreach() C:\wamp\www\wxbook\ThinkPHP\Library\Think\Db\Driver.class.php 第 802 行.
SQL: INSERT INTO `wxbook_token` () VALUES () [ RunTime:0.0130s ]

[ 2017-05-29T10:32:50+08:00 ] ::1 /wxbook/api.php?c=Weixin&a=getToken
INFO: [ app_init ] --START--
INFO: Run Behavior\BuildLiteBehavior [ RunTime:0.000000s ]
INFO: [ app_init ] --END-- [ RunTime:0.001000s ]
INFO: [ app_begin ] --START--
INFO: Run Behavior\ReadHtmlCacheBehavior [ RunTime:0.001000s ]
INFO: [ app_begin ] --END-- [ RunTime:0.001000s ]
SQL: SHOW COLUMNS FROM `wxbook_token` [ RunTime:0.0070s ]
SQL: SELECT * FROM `wxbook_token` ORDER BY time desc LIMIT 1   [ RunTime:0.0010s ]
NOTIC: [8] Use of undefined constant data - assumed 'data' C:\wamp\www\wxbook\Application\Common\Model\TokenModel.class.php 第 22 行.
NOTIC: [2] Invalid argument supplied for foreach() C:\wamp\www\wxbook\ThinkPHP\Library\Think\Model.class.php 第 267 行.
NOTIC: [2] Invalid argument supplied for foreach() C:\wamp\www\wxbook\ThinkPHP\Library\Think\Db\Driver.class.php 第 802 行.
SQL: INSERT INTO `wxbook_token` () VALUES () [ RunTime:0.0010s ]
NOTIC: [2] Illegal string offset 'id' C:\wamp\www\wxbook\ThinkPHP\Library\Think\Model.class.php 第 328 行.

[ 2017-05-29T10:33:12+08:00 ] ::1 /wxbook/api.php?c=Weixin&a=getToken
INFO: [ app_init ] --START--
INFO: Run Behavior\BuildLiteBehavior [ RunTime:0.000000s ]
INFO: [ app_init ] --END-- [ RunTime:0.000000s ]
INFO: [ app_begin ] --START--
INFO: Run Behavior\ReadHtmlCacheBehavior [ RunTime:0.001000s ]
INFO: [ app_begin ] --END-- [ RunTime:0.002000s ]
SQL: SHOW COLUMNS FROM `wxbook_token` [ RunTime:0.0050s ]
SQL: SELECT * FROM `wxbook_token` ORDER BY time desc LIMIT 1   [ RunTime:0.0010s ]
NOTIC: [8] Use of undefined constant data - assumed 'data' C:\wamp\www\wxbook\Application\Common\Model\TokenModel.class.php 第 23 行.
NOTIC: [2] Invalid argument supplied for foreach() C:\wamp\www\wxbook\ThinkPHP\Library\Think\Model.class.php 第 267 行.
NOTIC: [2] Invalid argument supplied for foreach() C:\wamp\www\wxbook\ThinkPHP\Library\Think\Db\Driver.class.php 第 802 行.
SQL: INSERT INTO `wxbook_token` () VALUES () [ RunTime:0.0010s ]
NOTIC: [2] Illegal string offset 'id' C:\wamp\www\wxbook\ThinkPHP\Library\Think\Model.class.php 第 328 行.

[ 2017-05-29T10:34:13+08:00 ] ::1 /wxbook/api.php?c=Weixin&a=getToken
INFO: [ app_init ] --START--
INFO: Run Behavior\BuildLiteBehavior [ RunTime:0.000000s ]
INFO: [ app_init ] --END-- [ RunTime:0.000000s ]
INFO: [ app_begin ] --START--
INFO: Run Behavior\ReadHtmlCacheBehavior [ RunTime:0.001000s ]
INFO: [ app_begin ] --END-- [ RunTime:0.001000s ]
SQL: SHOW COLUMNS FROM `wxbook_token` [ RunTime:0.0040s ]
SQL: SELECT * FROM `wxbook_token` ORDER BY time desc LIMIT 1   [ RunTime:0.0000s ]
NOTIC: [8] Use of undefined constant data - assumed 'data' C:\wamp\www\wxbook\Application\Common\Model\TokenModel.class.php 第 23 行.
NOTIC: [2] Invalid argument supplied for foreach() C:\wamp\www\wxbook\ThinkPHP\Library\Think\Model.class.php 第 267 行.
NOTIC: [2] Invalid argument supplied for foreach() C:\wamp\www\wxbook\ThinkPHP\Library\Think\Db\Driver.class.php 第 802 行.
SQL: INSERT INTO `wxbook_token` () VALUES () [ RunTime:0.0010s ]
NOTIC: [2] Illegal string offset 'id' C:\wamp\www\wxbook\ThinkPHP\Library\Think\Model.class.php 第 328 行.
INFO: [ app_end ] --START--
INFO: Run Behavior\ShowPageTraceBehavior [ RunTime:0.002000s ]
INFO: [ app_end ] --END-- [ RunTime:0.002000s ]

[ 2017-05-29T10:35:28+08:00 ] ::1 /wxbook/api.php?c=Weixin&a=getToken
INFO: [ app_init ] --START--
INFO: Run Behavior\BuildLiteBehavior [ RunTime:0.000000s ]
INFO: [ app_init ] --END-- [ RunTime:0.001000s ]
INFO: [ app_begin ] --START--
INFO: Run Behavior\ReadHtmlCacheBehavior [ RunTime:0.001000s ]
INFO: [ app_begin ] --END-- [ RunTime:0.002000s ]
SQL: SHOW COLUMNS FROM `wxbook_token` [ RunTime:0.0050s ]
SQL: SELECT * FROM `wxbook_token` ORDER BY time desc LIMIT 1   [ RunTime:0.0010s ]
NOTIC: [8] Use of undefined constant data - assumed 'data' C:\wamp\www\wxbook\Application\Common\Model\TokenModel.class.php 第 23 行.
NOTIC: [2] Invalid argument supplied for foreach() C:\wamp\www\wxbook\ThinkPHP\Library\Think\Model.class.php 第 267 行.
NOTIC: [2] Invalid argument supplied for foreach() C:\wamp\www\wxbook\ThinkPHP\Library\Think\Db\Driver.class.php 第 802 行.
SQL: INSERT INTO `wxbook_token` () VALUES () [ RunTime:0.0010s ]
NOTIC: [2] Illegal string offset 'id' C:\wamp\www\wxbook\ThinkPHP\Library\Think\Model.class.php 第 328 行.
INFO: [ app_end ] --START--
INFO: Run Behavior\ShowPageTraceBehavior [ RunTime:0.001000s ]
INFO: [ app_end ] --END-- [ RunTime:0.002000s ]

[ 2017-05-29T10:37:29+08:00 ] ::1 /wxbook/api.php?c=Weixin&a=getToken
INFO: [ app_init ] --START--
INFO: Run Behavior\BuildLiteBehavior [ RunTime:0.000000s ]
INFO: [ app_init ] --END-- [ RunTime:0.001000s ]
INFO: [ app_begin ] --START--
INFO: Run Behavior\ReadHtmlCacheBehavior [ RunTime:0.001000s ]
INFO: [ app_begin ] --END-- [ RunTime:0.002000s ]
SQL: SHOW COLUMNS FROM `wxbook_token` [ RunTime:0.0050s ]
SQL: SELECT * FROM `wxbook_token` ORDER BY time desc LIMIT 1   [ RunTime:0.0000s ]
NOTIC: [8] Use of undefined constant data - assumed 'data' C:\wamp\www\wxbook\Application\Common\Model\TokenModel.class.php 第 23 行.
NOTIC: [2] Invalid argument supplied for foreach() C:\wamp\www\wxbook\ThinkPHP\Library\Think\Model.class.php 第 267 行.
NOTIC: [2] Invalid argument supplied for foreach() C:\wamp\www\wxbook\ThinkPHP\Library\Think\Db\Driver.class.php 第 802 行.
SQL: INSERT INTO `wxbook_token` () VALUES () [ RunTime:0.0010s ]
NOTIC: [2] Illegal string offset 'id' C:\wamp\www\wxbook\ThinkPHP\Library\Think\Model.class.php 第 328 行.
INFO: [ app_end ] --START--
INFO: Run Behavior\ShowPageTraceBehavior [ RunTime:0.002001s ]
INFO: [ app_end ] --END-- [ RunTime:0.003001s ]

[ 2017-05-29T10:38:15+08:00 ] ::1 /wxbook/api.php?c=Weixin&a=getToken
INFO: [ app_init ] --START--
INFO: Run Behavior\BuildLiteBehavior [ RunTime:0.000000s ]
INFO: [ app_init ] --END-- [ RunTime:0.001000s ]
INFO: [ app_begin ] --START--
INFO: Run Behavior\ReadHtmlCacheBehavior [ RunTime:0.001000s ]
INFO: [ app_begin ] --END-- [ RunTime:0.001000s ]
SQL: SHOW COLUMNS FROM `wxbook_token` [ RunTime:0.0070s ]
SQL: SELECT * FROM `wxbook_token` ORDER BY time desc LIMIT 1   [ RunTime:0.0010s ]
SQL: INSERT INTO `wxbook_token` (`token`,`time`) VALUES ('pCfwX6b1EzHorsSVq9yM9HrWt9maJdf--xSSRWNHafv9Y5lnU6-kmCr9nLA1-kZpBMTVYIrnnqJseLxsNJOnedj_ebm4Fz7_jWQaLgQkAnT933kMwRB9UnVnYuCRrxMqFDPdAFAOMY','1496032695') [ RunTime:0.0010s ]
INFO: [ app_end ] --START--
INFO: Run Behavior\ShowPageTraceBehavior [ RunTime:0.001000s ]
INFO: [ app_end ] --END-- [ RunTime:0.001000s ]

[ 2017-05-29T10:38:25+08:00 ] ::1 /wxbook/api.php?c=Weixin&a=getToken
INFO: [ app_init ] --START--
INFO: Run Behavior\BuildLiteBehavior [ RunTime:0.000000s ]
INFO: [ app_init ] --END-- [ RunTime:0.001000s ]
INFO: [ app_begin ] --START--
INFO: Run Behavior\ReadHtmlCacheBehavior [ RunTime:0.001000s ]
INFO: [ app_begin ] --END-- [ RunTime:0.002000s ]
SQL: SHOW COLUMNS FROM `wxbook_token` [ RunTime:0.0060s ]
SQL: SELECT * FROM `wxbook_token` ORDER BY time desc LIMIT 1   [ RunTime:0.0010s ]
SQL: INSERT INTO `wxbook_token` (`token`,`time`) VALUES ('pCfwX6b1EzHorsSVq9yM9HrWt9maJdf--xSSRWNHaftu5tjr6cmaaInsV7IR79uPL0QKTX2ade5NwtDV4eZSRJMEtE602HWspv97FssxoSbR8nb5PeQdhcTWlc3pvrnhACCdAFAGII','1496032705') [ RunTime:0.0000s ]
INFO: [ app_end ] --START--
INFO: Run Behavior\ShowPageTraceBehavior [ RunTime:0.001000s ]
INFO: [ app_end ] --END-- [ RunTime:0.001000s ]

[ 2017-05-29T10:39:29+08:00 ] ::1 /wxbook/api.php?c=Weixin&a=getToken
INFO: [ app_init ] --START--
INFO: Run Behavior\BuildLiteBehavior [ RunTime:0.000000s ]
INFO: [ app_init ] --END-- [ RunTime:0.001000s ]
INFO: [ app_begin ] --START--
INFO: Run Behavior\ReadHtmlCacheBehavior [ RunTime:0.001000s ]
INFO: [ app_begin ] --END-- [ RunTime:0.001000s ]
SQL: SHOW COLUMNS FROM `wxbook_token` [ RunTime:0.0110s ]
SQL: SELECT * FROM `wxbook_token` ORDER BY time desc LIMIT 1   [ RunTime:0.0010s ]
NOTIC: [8] Undefined variable: arr C:\wamp\www\wxbook\Application\Api\Controller\WeixinController.class.php 第 20 行.
INFO: [ app_end ] --START--
INFO: Run Behavior\ShowPageTraceBehavior [ RunTime:0.001000s ]
INFO: [ app_end ] --END-- [ RunTime:0.001000s ]

[ 2017-05-29T10:41:04+08:00 ] ::1 /wxbook/api.php?c=Weixin&a=getToken
INFO: [ app_init ] --START--
INFO: Run Behavior\BuildLiteBehavior [ RunTime:0.000000s ]
INFO: [ app_init ] --END-- [ RunTime:0.001000s ]
INFO: [ app_begin ] --START--
INFO: Run Behavior\ReadHtmlCacheBehavior [ RunTime:0.002000s ]
INFO: [ app_begin ] --END-- [ RunTime:0.002000s ]
SQL: SHOW COLUMNS FROM `wxbook_token` [ RunTime:0.0110s ]
SQL: SELECT * FROM `wxbook_token` ORDER BY time desc LIMIT 1   [ RunTime:0.0010s ]
NOTIC: [8] Undefined variable: arr C:\wamp\www\wxbook\Application\Api\Controller\WeixinController.class.php 第 18 行.

[ 2017-05-29T10:41:13+08:00 ] ::1 /wxbook/api.php?c=Weixin&a=getToken
INFO: [ app_init ] --START--
INFO: Run Behavior\BuildLiteBehavior [ RunTime:0.000000s ]
INFO: [ app_init ] --END-- [ RunTime:0.001000s ]
INFO: [ app_begin ] --START--
INFO: Run Behavior\ReadHtmlCacheBehavior [ RunTime:0.001000s ]
INFO: [ app_begin ] --END-- [ RunTime:0.002000s ]
SQL: SHOW COLUMNS FROM `wxbook_token` [ RunTime:0.0100s ]
SQL: SELECT * FROM `wxbook_token` ORDER BY time desc LIMIT 1   [ RunTime:0.0000s ]
NOTIC: [8] Undefined index: access_token C:\wamp\www\wxbook\Application\Api\Controller\WeixinController.class.php 第 18 行.

[ 2017-05-29T10:42:42+08:00 ] ::1 /wxbook/api.php?c=Weixin&a=getToken
INFO: [ app_init ] --START--
INFO: Run Behavior\BuildLiteBehavior [ RunTime:0.000000s ]
INFO: [ app_init ] --END-- [ RunTime:0.001000s ]
INFO: [ app_begin ] --START--
INFO: Run Behavior\ReadHtmlCacheBehavior [ RunTime:0.001000s ]
INFO: [ app_begin ] --END-- [ RunTime:0.001000s ]
SQL: SHOW COLUMNS FROM `wxbook_token` [ RunTime:0.0100s ]
SQL: SELECT * FROM `wxbook_token` ORDER BY time desc LIMIT 1   [ RunTime:0.0000s ]

[ 2017-05-29T10:43:00+08:00 ] ::1 /wxbook/api.php?c=Weixin&a=getToken
INFO: [ app_init ] --START--
INFO: Run Behavior\BuildLiteBehavior [ RunTime:0.000000s ]
INFO: [ app_init ] --END-- [ RunTime:0.002000s ]
INFO: [ app_begin ] --START--
INFO: Run Behavior\ReadHtmlCacheBehavior [ RunTime:0.002000s ]
INFO: [ app_begin ] --END-- [ RunTime:0.002000s ]
SQL: SHOW COLUMNS FROM `wxbook_token` [ RunTime:0.0100s ]
SQL: SELECT * FROM `wxbook_token` ORDER BY time desc LIMIT 1   [ RunTime:0.0010s ]
SQL: INSERT INTO `wxbook_token` (`token`,`time`) VALUES ('GTQj3gmFQilalIMiNh5GhR-wmVEufkgU8X3ZYOigJlyn4jBy4zW2CChTYc67TFJyGbyo3nGyIVXEgFPcI_TEUtRBJPU9kRmCwJiYYlrEh2TGtH_ncZYrtKeu0W-acMB_GLVdACAJOY','1496032980') [ RunTime:0.0010s ]

[ 2017-05-29T10:43:05+08:00 ] ::1 /wxbook/api.php?c=Weixin&a=getToken
INFO: [ app_init ] --START--
INFO: Run Behavior\BuildLiteBehavior [ RunTime:0.000000s ]
INFO: [ app_init ] --END-- [ RunTime:0.001000s ]
INFO: [ app_begin ] --START--
INFO: Run Behavior\ReadHtmlCacheBehavior [ RunTime:0.002000s ]
INFO: [ app_begin ] --END-- [ RunTime:0.002000s ]
SQL: SHOW COLUMNS FROM `wxbook_token` [ RunTime:0.0100s ]
SQL: SELECT * FROM `wxbook_token` ORDER BY time desc LIMIT 1   [ RunTime:0.0000s ]

[ 2017-05-29T10:43:06+08:00 ] ::1 /wxbook/api.php?c=Weixin&a=getToken
INFO: [ app_init ] --START--
INFO: Run Behavior\BuildLiteBehavior [ RunTime:0.000000s ]
INFO: [ app_init ] --END-- [ RunTime:0.001000s ]
INFO: [ app_begin ] --START--
INFO: Run Behavior\ReadHtmlCacheBehavior [ RunTime:0.002001s ]
INFO: [ app_begin ] --END-- [ RunTime:0.002001s ]
SQL: SHOW COLUMNS FROM `wxbook_token` [ RunTime:0.0100s ]
SQL: SELECT * FROM `wxbook_token` ORDER BY time desc LIMIT 1   [ RunTime:0.0000s ]

[ 2017-05-29T10:43:07+08:00 ] ::1 /wxbook/api.php?c=Weixin&a=getToken
INFO: [ app_init ] --START--
INFO: Run Behavior\BuildLiteBehavior [ RunTime:0.000000s ]
INFO: [ app_init ] --END-- [ RunTime:0.001000s ]
INFO: [ app_begin ] --START--
INFO: Run Behavior\ReadHtmlCacheBehavior [ RunTime:0.001000s ]
INFO: [ app_begin ] --END-- [ RunTime:0.002000s ]
SQL: SHOW COLUMNS FROM `wxbook_token` [ RunTime:0.0100s ]
SQL: SELECT * FROM `wxbook_token` ORDER BY time desc LIMIT 1   [ RunTime:0.0000s ]

[ 2017-05-29T10:53:23+08:00 ] ::1 /wxbook/api.php?c=Weixin&a=getQrCode
INFO: [ app_init ] --START--
INFO: Run Behavior\BuildLiteBehavior [ RunTime:0.000000s ]
INFO: [ app_init ] --END-- [ RunTime:0.000000s ]
INFO: [ app_begin ] --START--
INFO: Run Behavior\ReadHtmlCacheBehavior [ RunTime:0.000000s ]
INFO: [ app_begin ] --END-- [ RunTime:0.000000s ]
SQL: SHOW COLUMNS FROM `wxbook_token` [ RunTime:0.0110s ]
SQL: SELECT * FROM `wxbook_token` ORDER BY time desc LIMIT 1   [ RunTime:0.0000s ]

[ 2017-05-29T11:11:24+08:00 ] ::1 /wxbook/api.php?c=Weixin&a=getToken
INFO: [ app_init ] --START--
INFO: Run Behavior\BuildLiteBehavior [ RunTime:0.000000s ]
INFO: [ app_init ] --END-- [ RunTime:0.000000s ]
INFO: [ app_begin ] --START--
INFO: Run Behavior\ReadHtmlCacheBehavior [ RunTime:0.001001s ]
INFO: [ app_begin ] --END-- [ RunTime:0.002001s ]
SQL: SHOW COLUMNS FROM `wxbook_token` [ RunTime:0.0050s ]
SQL: SELECT * FROM `wxbook_token` ORDER BY time desc LIMIT 1   [ RunTime:0.0000s ]
INFO: [ app_end ] --START--
INFO: Run Behavior\ShowPageTraceBehavior [ RunTime:0.001000s ]
INFO: [ app_end ] --END-- [ RunTime:0.001000s ]

[ 2017-05-29T11:11:33+08:00 ] ::1 /wxbook/api.php?c=Weixin&a=getQrCode
INFO: [ app_init ] --START--
INFO: Run Behavior\BuildLiteBehavior [ RunTime:0.000000s ]
INFO: [ app_init ] --END-- [ RunTime:0.001000s ]
INFO: [ app_begin ] --START--
INFO: Run Behavior\ReadHtmlCacheBehavior [ RunTime:0.001000s ]
INFO: [ app_begin ] --END-- [ RunTime:0.001000s ]
SQL: SHOW COLUMNS FROM `wxbook_token` [ RunTime:0.0050s ]
SQL: SELECT * FROM `wxbook_token` ORDER BY time desc LIMIT 1   [ RunTime:0.0010s ]
ERR: Think\Controller:http_curl方法不存在！

[ 2017-05-29T11:11:56+08:00 ] ::1 /wxbook/api.php?c=Weixin&a=getQrCode
INFO: [ app_init ] --START--
INFO: Run Behavior\BuildLiteBehavior [ RunTime:0.001000s ]
INFO: [ app_init ] --END-- [ RunTime:0.001000s ]
INFO: [ app_begin ] --START--
INFO: Run Behavior\ReadHtmlCacheBehavior [ RunTime:0.001000s ]
INFO: [ app_begin ] --END-- [ RunTime:0.001000s ]
SQL: SHOW COLUMNS FROM `wxbook_token` [ RunTime:0.0050s ]
SQL: SELECT * FROM `wxbook_token` ORDER BY time desc LIMIT 1   [ RunTime:0.0000s ]
INFO: [ app_end ] --START--
INFO: Run Behavior\ShowPageTraceBehavior [ RunTime:0.000000s ]
INFO: [ app_end ] --END-- [ RunTime:0.000000s ]

[ 2017-05-29T11:12:06+08:00 ] ::1 /wxbook/api.php?c=Weixin&a=getToken
INFO: [ app_init ] --START--
INFO: Run Behavior\BuildLiteBehavior [ RunTime:0.000000s ]
INFO: [ app_init ] --END-- [ RunTime:0.001000s ]
INFO: [ app_begin ] --START--
INFO: Run Behavior\ReadHtmlCacheBehavior [ RunTime:0.001000s ]
INFO: [ app_begin ] --END-- [ RunTime:0.001000s ]
SQL: SHOW COLUMNS FROM `wxbook_token` [ RunTime:0.0040s ]
SQL: SELECT * FROM `wxbook_token` ORDER BY time desc LIMIT 1   [ RunTime:0.0010s ]
INFO: [ app_end ] --START--
INFO: Run Behavior\ShowPageTraceBehavior [ RunTime:0.001000s ]
INFO: [ app_end ] --END-- [ RunTime:0.001000s ]

[ 2017-05-29T11:12:17+08:00 ] ::1 /wxbook/api.php?c=Weixin&a=getQrCode
INFO: [ app_init ] --START--
INFO: Run Behavior\BuildLiteBehavior [ RunTime:0.000000s ]
INFO: [ app_init ] --END-- [ RunTime:0.000000s ]
INFO: [ app_begin ] --START--
INFO: Run Behavior\ReadHtmlCacheBehavior [ RunTime:0.000000s ]
INFO: [ app_begin ] --END-- [ RunTime:0.002000s ]
SQL: SHOW COLUMNS FROM `wxbook_token` [ RunTime:0.0040s ]
SQL: SELECT * FROM `wxbook_token` ORDER BY time desc LIMIT 1   [ RunTime:0.0000s ]
INFO: [ app_end ] --START--
INFO: Run Behavior\ShowPageTraceBehavior [ RunTime:0.003000s ]
INFO: [ app_end ] --END-- [ RunTime:0.003000s ]

[ 2017-05-29T11:13:06+08:00 ] ::1 /wxbook/api.php?c=Weixin&a=getQrCode
INFO: [ app_init ] --START--
INFO: Run Behavior\BuildLiteBehavior [ RunTime:0.000000s ]
INFO: [ app_init ] --END-- [ RunTime:0.001000s ]
INFO: [ app_begin ] --START--
INFO: Run Behavior\ReadHtmlCacheBehavior [ RunTime:0.000000s ]
INFO: [ app_begin ] --END-- [ RunTime:0.001000s ]
SQL: SHOW COLUMNS FROM `wxbook_token` [ RunTime:0.0040s ]
SQL: SELECT * FROM `wxbook_token` ORDER BY time desc LIMIT 1   [ RunTime:0.0000s ]
NOTIC: [8] Array to string conversion C:\wamp\www\wxbook\Application\Api\Controller\CommonController.class.php 第 18 行.
INFO: [ app_end ] --START--
INFO: Run Behavior\ShowPageTraceBehavior [ RunTime:0.001000s ]
INFO: [ app_end ] --END-- [ RunTime:0.001000s ]

[ 2017-05-29T11:15:40+08:00 ] ::1 /wxbook/api.php?c=Weixin&a=getQrCode
INFO: [ app_init ] --START--
INFO: Run Behavior\BuildLiteBehavior [ RunTime:0.001000s ]
INFO: [ app_init ] --END-- [ RunTime:0.001000s ]
INFO: [ app_begin ] --START--
INFO: Run Behavior\ReadHtmlCacheBehavior [ RunTime:0.001000s ]
INFO: [ app_begin ] --END-- [ RunTime:0.001000s ]
SQL: SHOW COLUMNS FROM `wxbook_token` [ RunTime:0.0050s ]
SQL: SELECT * FROM `wxbook_token` ORDER BY time desc LIMIT 1   [ RunTime:0.0000s ]
NOTIC: [8] Array to string conversion C:\wamp\www\wxbook\Application\Api\Controller\CommonController.class.php 第 18 行.
INFO: [ app_end ] --START--
INFO: Run Behavior\ShowPageTraceBehavior [ RunTime:0.003000s ]
INFO: [ app_end ] --END-- [ RunTime:0.003000s ]

[ 2017-05-29T11:19:23+08:00 ] ::1 /wxbook/api.php?c=Weixin&a=getQrCode
INFO: [ app_init ] --START--
INFO: Run Behavior\BuildLiteBehavior [ RunTime:0.000000s ]
INFO: [ app_init ] --END-- [ RunTime:0.001000s ]
INFO: [ app_begin ] --START--
INFO: Run Behavior\ReadHtmlCacheBehavior [ RunTime:0.001000s ]
INFO: [ app_begin ] --END-- [ RunTime:0.001000s ]
SQL: SHOW COLUMNS FROM `wxbook_token` [ RunTime:0.0050s ]
SQL: SELECT * FROM `wxbook_token` ORDER BY time desc LIMIT 1   [ RunTime:0.0000s ]
NOTIC: [8] Array to string conversion C:\wamp\www\wxbook\Application\Api\Controller\CommonController.class.php 第 18 行.

[ 2017-05-29T11:27:34+08:00 ] ::1 /wxbook/api.php?c=Weixin&a=getQrCode
INFO: [ app_init ] --START--
INFO: Run Behavior\BuildLiteBehavior [ RunTime:0.000000s ]
INFO: [ app_init ] --END-- [ RunTime:0.001000s ]
INFO: [ app_begin ] --START--
INFO: Run Behavior\ReadHtmlCacheBehavior [ RunTime:0.001000s ]
INFO: [ app_begin ] --END-- [ RunTime:0.001000s ]
SQL: SHOW COLUMNS FROM `wxbook_token` [ RunTime:0.0120s ]
SQL: SELECT * FROM `wxbook_token` ORDER BY time desc LIMIT 1   [ RunTime:0.0000s ]

[ 2017-05-29T11:27:56+08:00 ] ::1 /wxbook/api.php?c=Weixin&a=getQrCode
INFO: [ app_init ] --START--
INFO: Run Behavior\BuildLiteBehavior [ RunTime:0.000000s ]
INFO: [ app_init ] --END-- [ RunTime:0.001000s ]
INFO: [ app_begin ] --START--
INFO: Run Behavior\ReadHtmlCacheBehavior [ RunTime:0.001001s ]
INFO: [ app_begin ] --END-- [ RunTime:0.002001s ]
SQL: SHOW COLUMNS FROM `wxbook_token` [ RunTime:0.0150s ]
SQL: SELECT * FROM `wxbook_token` ORDER BY time desc LIMIT 1   [ RunTime:0.0000s ]

[ 2017-05-29T11:36:53+08:00 ] ::1 /wxbook/api.php?c=Weixin&a=getQrCode
INFO: [ app_init ] --START--
INFO: Run Behavior\BuildLiteBehavior [ RunTime:0.000000s ]
INFO: [ app_init ] --END-- [ RunTime:0.000000s ]
INFO: [ app_begin ] --START--
INFO: Run Behavior\ReadHtmlCacheBehavior [ RunTime:0.001000s ]
INFO: [ app_begin ] --END-- [ RunTime:0.002000s ]
SQL: SHOW COLUMNS FROM `wxbook_token` [ RunTime:0.0110s ]
SQL: SELECT * FROM `wxbook_token` ORDER BY time desc LIMIT 1   [ RunTime:0.0010s ]

[ 2017-05-29T11:37:25+08:00 ] ::1 /wxbook/api.php?c=Weixin&a=getQrCode
INFO: [ app_init ] --START--
INFO: Run Behavior\BuildLiteBehavior [ RunTime:0.001001s ]
INFO: [ app_init ] --END-- [ RunTime:0.001001s ]
INFO: [ app_begin ] --START--
INFO: Run Behavior\ReadHtmlCacheBehavior [ RunTime:0.002000s ]
INFO: [ app_begin ] --END-- [ RunTime:0.002000s ]
SQL: SHOW COLUMNS FROM `wxbook_token` [ RunTime:0.0110s ]
SQL: SELECT * FROM `wxbook_token` ORDER BY time desc LIMIT 1   [ RunTime:0.0010s ]

[ 2017-05-29T13:14:03+08:00 ] ::1 /wxbook/api.php?c=Weixin&a=getQrCode
INFO: [ app_init ] --START--
INFO: Run Behavior\BuildLiteBehavior [ RunTime:0.000000s ]
INFO: [ app_init ] --END-- [ RunTime:0.002000s ]
INFO: [ app_begin ] --START--
INFO: Run Behavior\ReadHtmlCacheBehavior [ RunTime:0.003001s ]
INFO: [ app_begin ] --END-- [ RunTime:0.003001s ]
SQL: SHOW COLUMNS FROM `wxbook_token` [ RunTime:0.0150s ]
SQL: SELECT * FROM `wxbook_token` ORDER BY time desc LIMIT 1   [ RunTime:0.0000s ]
ERR: 1062:Duplicata du champ '1' pour la clef 'PRIMARY'
 [ SQL语句 ] : INSERT INTO `wxbook_token` (`id`,`token`,`time`) VALUES ('1','JIJ-lnlaBRxsPP3bqFcq1qw2GQGvk_LciET4BL01KSISRXejhQkjnxJVVoPnMeaQrjM4b9eHXOlhrnqJv5JD9mSQkxaGjtexhPvy7nqM5d93EgmWrcIAPKHHVipKltZOXEOcADAKRB','1496042040')
ERR: 1062:Duplicata du champ '1' pour la clef 'PRIMARY'
 [ SQL语句 ] : INSERT INTO `wxbook_token` (`id`,`token`,`time`) VALUES ('1','JIJ-lnlaBRxsPP3bqFcq1qw2GQGvk_LciET4BL01KSISRXejhQkjnxJVVoPnMeaQrjM4b9eHXOlhrnqJv5JD9mSQkxaGjtexhPvy7nqM5d93EgmWrcIAPKHHVipKltZOXEOcADAKRB','1496042040')

[ 2017-05-29T13:31:57+08:00 ] ::1 /wxbook/api.php?c=Weixin&a=getQrCode
INFO: [ app_init ] --START--
INFO: Run Behavior\BuildLiteBehavior [ RunTime:0.000000s ]
INFO: [ app_init ] --END-- [ RunTime:0.001000s ]
INFO: [ app_begin ] --START--
INFO: Run Behavior\ReadHtmlCacheBehavior [ RunTime:0.000000s ]
INFO: [ app_begin ] --END-- [ RunTime:0.000000s ]

[ 2017-05-29T13:32:07+08:00 ] ::1 /wxbook/api.php?c=Weixin&a=getQrCode
INFO: [ app_init ] --START--
INFO: Run Behavior\BuildLiteBehavior [ RunTime:0.000000s ]
INFO: [ app_init ] --END-- [ RunTime:0.000000s ]
INFO: [ app_begin ] --START--
INFO: Run Behavior\ReadHtmlCacheBehavior [ RunTime:0.000000s ]
INFO: [ app_begin ] --END-- [ RunTime:0.000000s ]

[ 2017-05-29T13:43:58+08:00 ] ::1 /wxbook/api.php?c=NewBook&a=getbook&start=0&count=10
INFO: [ app_init ] --START--
INFO: Run Behavior\BuildLiteBehavior [ RunTime:0.000000s ]
INFO: [ app_init ] --END-- [ RunTime:0.002500s ]
INFO: [ app_begin ] --START--
INFO: Run Behavior\ReadHtmlCacheBehavior [ RunTime:0.002500s ]
INFO: [ app_begin ] --END-- [ RunTime:0.002500s ]
SQL: SHOW COLUMNS FROM `wxbook_douban_newbook` [ RunTime:0.0275s ]
SQL: SELECT * FROM `wxbook_douban_newbook` LIMIT 0,10   [ RunTime:0.0000s ]

[ 2017-05-29T13:43:59+08:00 ] ::1 /wxbook/api.php?c=HotBook&a=getbook&start=0&count=10
INFO: [ app_init ] --START--
INFO: Run Behavior\BuildLiteBehavior [ RunTime:0.000000s ]
INFO: [ app_init ] --END-- [ RunTime:0.002500s ]
INFO: [ app_begin ] --START--
INFO: Run Behavior\ReadHtmlCacheBehavior [ RunTime:0.000000s ]
INFO: [ app_begin ] --END-- [ RunTime:0.002500s ]
SQL: SHOW COLUMNS FROM `wxbook_douban_hotbook` [ RunTime:0.0700s ]
SQL: SELECT * FROM `wxbook_douban_hotbook` LIMIT 0,10   [ RunTime:0.0025s ]

[ 2017-05-29T13:43:59+08:00 ] ::1 /wxbook/api.php?c=Top250&a=getbook&start=0&count=10
INFO: [ app_init ] --START--
INFO: Run Behavior\BuildLiteBehavior [ RunTime:0.000000s ]
INFO: [ app_init ] --END-- [ RunTime:0.002500s ]
INFO: [ app_begin ] --START--
INFO: Run Behavior\ReadHtmlCacheBehavior [ RunTime:0.007500s ]
INFO: [ app_begin ] --END-- [ RunTime:0.007500s ]
SQL: SHOW COLUMNS FROM `wxbook_douban_top250` [ RunTime:0.0425s ]
SQL: SELECT * FROM `wxbook_douban_top250` LIMIT 0,10   [ RunTime:0.0025s ]

[ 2017-05-29T13:43:59+08:00 ] ::1 /wxbook/api.php?c=Position&a=getPosition&id=1
INFO: [ app_init ] --START--
INFO: Run Behavior\BuildLiteBehavior [ RunTime:0.000000s ]
INFO: [ app_init ] --END-- [ RunTime:0.030001s ]
INFO: [ app_begin ] --START--
INFO: Run Behavior\ReadHtmlCacheBehavior [ RunTime:0.002500s ]
INFO: [ app_begin ] --END-- [ RunTime:0.002500s ]
SQL: SHOW COLUMNS FROM `wxbook_position` [ RunTime:0.0325s ]
SQL: SELECT * FROM `wxbook_position` WHERE ( itemid=1 ) ORDER BY listorder desc LIMIT 0,3   [ RunTime:0.0000s ]
SQL: SHOW COLUMNS FROM `wxbook_book` [ RunTime:0.0400s ]
SQL: SELECT * FROM `wxbook_book` WHERE ( bookid=3259440 ) LIMIT 1   [ RunTime:0.0000s ]
SQL: SELECT * FROM `wxbook_book` WHERE ( bookid=25862578 ) LIMIT 1   [ RunTime:0.0000s ]
SQL: SELECT * FROM `wxbook_book` WHERE ( bookid=1046265 ) LIMIT 1   [ RunTime:0.0000s ]

[ 2017-05-29T13:44:07+08:00 ] ::1 /wxbook/api.php?c=book&a=getbookbytag&tag=&start=207&count=6
INFO: [ app_init ] --START--
INFO: Run Behavior\BuildLiteBehavior [ RunTime:0.000000s ]
INFO: [ app_init ] --END-- [ RunTime:0.002500s ]
INFO: [ app_begin ] --START--
INFO: Run Behavior\ReadHtmlCacheBehavior [ RunTime:0.002500s ]
INFO: [ app_begin ] --END-- [ RunTime:0.002500s ]
SQL: SHOW COLUMNS FROM `wxbook_book` [ RunTime:0.0150s ]
SQL: SELECT * FROM `wxbook_book` WHERE `tags` LIKE '%%' LIMIT 207,6   [ RunTime:0.0100s ]

[ 2017-05-29T13:45:06+08:00 ] ::1 /wxbook/api.php?c=Position&a=getPosition&id=1
INFO: [ app_init ] --START--
INFO: Run Behavior\BuildLiteBehavior [ RunTime:0.000000s ]
INFO: [ app_init ] --END-- [ RunTime:0.002500s ]
INFO: [ app_begin ] --START--
INFO: Run Behavior\ReadHtmlCacheBehavior [ RunTime:0.002500s ]
INFO: [ app_begin ] --END-- [ RunTime:0.002500s ]
SQL: SHOW COLUMNS FROM `wxbook_position` [ RunTime:0.0125s ]
SQL: SELECT * FROM `wxbook_position` WHERE ( itemid=1 ) ORDER BY listorder desc LIMIT 0,3   [ RunTime:0.0025s ]
SQL: SHOW COLUMNS FROM `wxbook_book` [ RunTime:0.0225s ]
SQL: SELECT * FROM `wxbook_book` WHERE ( bookid=3259440 ) LIMIT 1   [ RunTime:0.0075s ]
SQL: SELECT * FROM `wxbook_book` WHERE ( bookid=25862578 ) LIMIT 1   [ RunTime:0.0025s ]
SQL: SELECT * FROM `wxbook_book` WHERE ( bookid=1046265 ) LIMIT 1   [ RunTime:0.0050s ]

[ 2017-05-29T13:45:06+08:00 ] ::1 /wxbook/api.php?c=NewBook&a=getbook&start=0&count=10
INFO: [ app_init ] --START--
INFO: Run Behavior\BuildLiteBehavior [ RunTime:0.000000s ]
INFO: [ app_init ] --END-- [ RunTime:0.002500s ]
INFO: [ app_begin ] --START--
INFO: Run Behavior\ReadHtmlCacheBehavior [ RunTime:0.002500s ]
INFO: [ app_begin ] --END-- [ RunTime:0.002500s ]
SQL: SHOW COLUMNS FROM `wxbook_douban_newbook` [ RunTime:0.0175s ]
SQL: SELECT * FROM `wxbook_douban_newbook` LIMIT 0,10   [ RunTime:0.0075s ]

[ 2017-05-29T13:45:06+08:00 ] ::1 /wxbook/api.php?c=HotBook&a=getbook&start=0&count=10
INFO: [ app_init ] --START--
INFO: Run Behavior\BuildLiteBehavior [ RunTime:0.000000s ]
INFO: [ app_init ] --END-- [ RunTime:0.000000s ]
INFO: [ app_begin ] --START--
INFO: Run Behavior\ReadHtmlCacheBehavior [ RunTime:0.002500s ]
INFO: [ app_begin ] --END-- [ RunTime:0.002500s ]
SQL: SHOW COLUMNS FROM `wxbook_douban_hotbook` [ RunTime:0.0200s ]
SQL: SELECT * FROM `wxbook_douban_hotbook` LIMIT 0,10   [ RunTime:0.0000s ]

[ 2017-05-29T13:45:06+08:00 ] ::1 /wxbook/api.php?c=Top250&a=getbook&start=0&count=10
INFO: [ app_init ] --START--
INFO: Run Behavior\BuildLiteBehavior [ RunTime:0.000000s ]
INFO: [ app_init ] --END-- [ RunTime:0.002500s ]
INFO: [ app_begin ] --START--
INFO: Run Behavior\ReadHtmlCacheBehavior [ RunTime:0.005001s ]
INFO: [ app_begin ] --END-- [ RunTime:0.005001s ]
SQL: SHOW COLUMNS FROM `wxbook_douban_top250` [ RunTime:0.0150s ]
SQL: SELECT * FROM `wxbook_douban_top250` LIMIT 0,10   [ RunTime:0.0025s ]

[ 2017-05-29T13:45:08+08:00 ] ::1 /wxbook/api.php?c=book&a=getbookbytag&tag=&start=145&count=6
INFO: [ app_init ] --START--
INFO: Run Behavior\BuildLiteBehavior [ RunTime:0.000000s ]
INFO: [ app_init ] --END-- [ RunTime:0.002500s ]
INFO: [ app_begin ] --START--
INFO: Run Behavior\ReadHtmlCacheBehavior [ RunTime:0.002500s ]
INFO: [ app_begin ] --END-- [ RunTime:0.002500s ]
SQL: SHOW COLUMNS FROM `wxbook_book` [ RunTime:0.0175s ]
SQL: SELECT * FROM `wxbook_book` WHERE `tags` LIKE '%%' LIMIT 145,6   [ RunTime:0.0050s ]

[ 2017-05-29T13:46:49+08:00 ] ::1 /wxbook/api.php?c=book&a=getbookbyid&id=1065970
INFO: [ app_init ] --START--
INFO: Run Behavior\BuildLiteBehavior [ RunTime:0.000000s ]
INFO: [ app_init ] --END-- [ RunTime:0.000000s ]
INFO: [ app_begin ] --START--
INFO: Run Behavior\ReadHtmlCacheBehavior [ RunTime:0.005000s ]
INFO: [ app_begin ] --END-- [ RunTime:0.005000s ]
SQL: SHOW COLUMNS FROM `wxbook_book` [ RunTime:0.0150s ]
SQL: SELECT * FROM `wxbook_book` WHERE ( bookid=1065970 ) LIMIT 1   [ RunTime:0.0025s ]

[ 2017-05-29T13:46:50+08:00 ] ::1 /wxbook/api.php?c=book&a=getbookbytag&tag=%E5%AE%89&start=0&count=5
INFO: [ app_init ] --START--
INFO: Run Behavior\BuildLiteBehavior [ RunTime:0.000000s ]
INFO: [ app_init ] --END-- [ RunTime:0.000000s ]
INFO: [ app_begin ] --START--
INFO: Run Behavior\ReadHtmlCacheBehavior [ RunTime:0.002500s ]
INFO: [ app_begin ] --END-- [ RunTime:0.002500s ]
SQL: SHOW COLUMNS FROM `wxbook_book` [ RunTime:0.0125s ]
SQL: SELECT * FROM `wxbook_book` WHERE `tags` LIKE '%安%' LIMIT 0,5   [ RunTime:0.0025s ]

[ 2017-05-29T13:49:22+08:00 ] ::1 /wxbook/api.php?c=NewBook&a=getbook&start=0&count=10
INFO: [ app_init ] --START--
INFO: Run Behavior\BuildLiteBehavior [ RunTime:0.000000s ]
INFO: [ app_init ] --END-- [ RunTime:0.025000s ]
INFO: [ app_begin ] --START--
INFO: Run Behavior\ReadHtmlCacheBehavior [ RunTime:0.002500s ]
INFO: [ app_begin ] --END-- [ RunTime:0.002500s ]
SQL: SHOW COLUMNS FROM `wxbook_douban_newbook` [ RunTime:0.0125s ]
SQL: SELECT * FROM `wxbook_douban_newbook` LIMIT 0,10   [ RunTime:0.0025s ]

[ 2017-05-29T13:49:22+08:00 ] ::1 /wxbook/api.php?c=Top250&a=getbook&start=0&count=10
INFO: [ app_init ] --START--
INFO: Run Behavior\BuildLiteBehavior [ RunTime:0.000000s ]
INFO: [ app_init ] --END-- [ RunTime:0.002500s ]
INFO: [ app_begin ] --START--
INFO: Run Behavior\ReadHtmlCacheBehavior [ RunTime:0.002500s ]
INFO: [ app_begin ] --END-- [ RunTime:0.002500s ]
SQL: SHOW COLUMNS FROM `wxbook_douban_top250` [ RunTime:0.0300s ]
SQL: SELECT * FROM `wxbook_douban_top250` LIMIT 0,10   [ RunTime:0.0025s ]

[ 2017-05-29T13:49:22+08:00 ] ::1 /wxbook/api.php?c=HotBook&a=getbook&start=0&count=10
INFO: [ app_init ] --START--
INFO: Run Behavior\BuildLiteBehavior [ RunTime:0.000000s ]
INFO: [ app_init ] --END-- [ RunTime:0.002500s ]
INFO: [ app_begin ] --START--
INFO: Run Behavior\ReadHtmlCacheBehavior [ RunTime:0.002500s ]
INFO: [ app_begin ] --END-- [ RunTime:0.002500s ]
SQL: SHOW COLUMNS FROM `wxbook_douban_hotbook` [ RunTime:0.0125s ]
SQL: SELECT * FROM `wxbook_douban_hotbook` LIMIT 0,10   [ RunTime:0.0000s ]

[ 2017-05-29T13:49:22+08:00 ] ::1 /wxbook/api.php?c=Position&a=getPosition&id=1
INFO: [ app_init ] --START--
INFO: Run Behavior\BuildLiteBehavior [ RunTime:0.000000s ]
INFO: [ app_init ] --END-- [ RunTime:0.002500s ]
INFO: [ app_begin ] --START--
INFO: Run Behavior\ReadHtmlCacheBehavior [ RunTime:0.010000s ]
INFO: [ app_begin ] --END-- [ RunTime:0.010000s ]
SQL: SHOW COLUMNS FROM `wxbook_position` [ RunTime:0.0150s ]
SQL: SELECT * FROM `wxbook_position` WHERE ( itemid=1 ) ORDER BY listorder desc LIMIT 0,3   [ RunTime:0.0025s ]
SQL: SHOW COLUMNS FROM `wxbook_book` [ RunTime:0.0125s ]
SQL: SELECT * FROM `wxbook_book` WHERE ( bookid=3259440 ) LIMIT 1   [ RunTime:0.0025s ]
SQL: SELECT * FROM `wxbook_book` WHERE ( bookid=25862578 ) LIMIT 1   [ RunTime:0.0000s ]
SQL: SELECT * FROM `wxbook_book` WHERE ( bookid=1046265 ) LIMIT 1   [ RunTime:0.0000s ]

[ 2017-05-29T13:50:26+08:00 ] ::1 /wxbook/api.php?c=Weixin&a=getQrCode
INFO: [ app_init ] --START--
INFO: Run Behavior\BuildLiteBehavior [ RunTime:0.000000s ]
INFO: [ app_init ] --END-- [ RunTime:0.000000s ]
INFO: [ app_begin ] --START--
INFO: Run Behavior\ReadHtmlCacheBehavior [ RunTime:0.000000s ]
INFO: [ app_begin ] --END-- [ RunTime:0.000000s ]
INFO: [ app_end ] --START--
INFO: Run Behavior\ShowPageTraceBehavior [ RunTime:0.000000s ]
INFO: [ app_end ] --END-- [ RunTime:0.000000s ]

[ 2017-05-29T13:50:52+08:00 ] ::1 /wxbook/api.php?c=Weixin&a=getQrCode
INFO: [ app_init ] --START--
INFO: Run Behavior\BuildLiteBehavior [ RunTime:0.000000s ]
INFO: [ app_init ] --END-- [ RunTime:0.000000s ]
INFO: [ app_begin ] --START--
INFO: Run Behavior\ReadHtmlCacheBehavior [ RunTime:0.002500s ]
INFO: [ app_begin ] --END-- [ RunTime:0.002500s ]
INFO: [ app_end ] --START--
INFO: Run Behavior\ShowPageTraceBehavior [ RunTime:0.002500s ]
INFO: [ app_end ] --END-- [ RunTime:0.002500s ]

[ 2017-05-29T13:54:19+08:00 ] ::1 /wxbook/api.php?c=Weixin&a=getQrCode
INFO: [ app_init ] --START--
INFO: Run Behavior\BuildLiteBehavior [ RunTime:0.000000s ]
INFO: [ app_init ] --END-- [ RunTime:0.000000s ]
INFO: [ app_begin ] --START--
INFO: Run Behavior\ReadHtmlCacheBehavior [ RunTime:0.002000s ]
INFO: [ app_begin ] --END-- [ RunTime:0.003000s ]
INFO: [ app_end ] --START--
INFO: Run Behavior\ShowPageTraceBehavior [ RunTime:0.002500s ]
INFO: [ app_end ] --END-- [ RunTime:0.002500s ]

[ 2017-05-29T13:54:37+08:00 ] ::1 /wxbook/api.php?c=Weixin&a=getQrCode
INFO: [ app_init ] --START--
INFO: Run Behavior\BuildLiteBehavior [ RunTime:0.002500s ]
INFO: [ app_init ] --END-- [ RunTime:0.002500s ]
INFO: [ app_begin ] --START--
INFO: Run Behavior\ReadHtmlCacheBehavior [ RunTime:0.002500s ]
INFO: [ app_begin ] --END-- [ RunTime:0.002500s ]

[ 2017-05-29T13:54:41+08:00 ] ::1 /wxbook/api.php?c=Weixin&a=getQrCode
INFO: [ app_init ] --START--
INFO: Run Behavior\BuildLiteBehavior [ RunTime:0.000000s ]
INFO: [ app_init ] --END-- [ RunTime:0.015600s ]
INFO: [ app_begin ] --START--
INFO: Run Behavior\ReadHtmlCacheBehavior [ RunTime:0.000000s ]
INFO: [ app_begin ] --END-- [ RunTime:0.000000s ]

[ 2017-05-29T13:59:06+08:00 ] ::1 /wxbook/api.php?c=Weixin&a=getQrCode
INFO: [ app_init ] --START--
INFO: Run Behavior\BuildLiteBehavior [ RunTime:0.000000s ]
INFO: [ app_init ] --END-- [ RunTime:0.000000s ]
INFO: [ app_begin ] --START--
INFO: Run Behavior\ReadHtmlCacheBehavior [ RunTime:0.000000s ]
INFO: [ app_begin ] --END-- [ RunTime:0.000000s ]

[ 2017-05-29T13:59:35+08:00 ] ::1 /wxbook/api.php?c=Weixin&a=getQrCode
INFO: [ app_init ] --START--
INFO: Run Behavior\BuildLiteBehavior [ RunTime:0.000000s ]
INFO: [ app_init ] --END-- [ RunTime:0.002500s ]
INFO: [ app_begin ] --START--
INFO: Run Behavior\ReadHtmlCacheBehavior [ RunTime:0.002500s ]
INFO: [ app_begin ] --END-- [ RunTime:0.002500s ]

[ 2017-05-29T13:59:48+08:00 ] ::1 /wxbook/api.php?c=Weixin&a=getQrCode
INFO: [ app_init ] --START--
INFO: Run Behavior\BuildLiteBehavior [ RunTime:0.000000s ]
INFO: [ app_init ] --END-- [ RunTime:0.000000s ]
INFO: [ app_begin ] --START--
INFO: Run Behavior\ReadHtmlCacheBehavior [ RunTime:0.015600s ]
INFO: [ app_begin ] --END-- [ RunTime:0.015600s ]

[ 2017-05-29T14:00:15+08:00 ] ::1 /wxbook/api.php?c=Weixin&a=getQrCode
INFO: [ app_init ] --START--
INFO: Run Behavior\BuildLiteBehavior [ RunTime:0.000000s ]
INFO: [ app_init ] --END-- [ RunTime:0.000000s ]
INFO: [ app_begin ] --START--
INFO: Run Behavior\ReadHtmlCacheBehavior [ RunTime:0.002500s ]
INFO: [ app_begin ] --END-- [ RunTime:0.002500s ]

[ 2017-05-29T14:00:22+08:00 ] ::1 /wxbook/api.php?c=Weixin&a=getQrCode
INFO: [ app_init ] --START--
INFO: Run Behavior\BuildLiteBehavior [ RunTime:0.000000s ]
INFO: [ app_init ] --END-- [ RunTime:0.000000s ]
INFO: [ app_begin ] --START--
INFO: Run Behavior\ReadHtmlCacheBehavior [ RunTime:0.002500s ]
INFO: [ app_begin ] --END-- [ RunTime:0.002500s ]

[ 2017-05-29T14:01:26+08:00 ] ::1 /wxbook/api.php?c=Weixin&a=getQrCode
INFO: [ app_init ] --START--
INFO: Run Behavior\BuildLiteBehavior [ RunTime:0.000000s ]
INFO: [ app_init ] --END-- [ RunTime:0.000000s ]
INFO: [ app_begin ] --START--
INFO: Run Behavior\ReadHtmlCacheBehavior [ RunTime:0.000000s ]
INFO: [ app_begin ] --END-- [ RunTime:0.000000s ]

[ 2017-05-29T14:02:29+08:00 ] ::1 /wxbook/api.php?c=Weixin&a=getQrCode
INFO: [ app_init ] --START--
INFO: Run Behavior\BuildLiteBehavior [ RunTime:0.000000s ]
INFO: [ app_init ] --END-- [ RunTime:0.002500s ]
INFO: [ app_begin ] --START--
INFO: Run Behavior\ReadHtmlCacheBehavior [ RunTime:0.002500s ]
INFO: [ app_begin ] --END-- [ RunTime:0.005000s ]

[ 2017-05-29T15:16:54+08:00 ] ::1 /wxbook/api.php?c=Weixin&a=getQrCode
INFO: [ app_init ] --START--
INFO: Run Behavior\BuildLiteBehavior [ RunTime:0.000000s ]
INFO: [ app_init ] --END-- [ RunTime:0.002500s ]
INFO: [ app_begin ] --START--
INFO: Run Behavior\ReadHtmlCacheBehavior [ RunTime:0.002500s ]
INFO: [ app_begin ] --END-- [ RunTime:0.002500s ]
ERR: 参数错误或者未定义:id

[ 2017-05-29T15:17:10+08:00 ] ::1 /wxbook/api.php?c=Weixin&a=getQrCode&id=3
INFO: [ app_init ] --START--
INFO: Run Behavior\BuildLiteBehavior [ RunTime:0.000000s ]
INFO: [ app_init ] --END-- [ RunTime:0.002500s ]
INFO: [ app_begin ] --START--
INFO: Run Behavior\ReadHtmlCacheBehavior [ RunTime:0.002500s ]
INFO: [ app_begin ] --END-- [ RunTime:0.002500s ]

[ 2017-05-29T15:49:39+08:00 ] ::1 /wxbook/api.php?c=Top250&a=getbook&start=0&count=10
INFO: [ app_init ] --START--
INFO: Run Behavior\BuildLiteBehavior [ RunTime:0.000000s ]
INFO: [ app_init ] --END-- [ RunTime:0.002500s ]
INFO: [ app_begin ] --START--
INFO: Run Behavior\ReadHtmlCacheBehavior [ RunTime:0.002500s ]
INFO: [ app_begin ] --END-- [ RunTime:0.002500s ]
SQL: SHOW COLUMNS FROM `wxbook_douban_top250` [ RunTime:0.0200s ]
SQL: SELECT * FROM `wxbook_douban_top250` LIMIT 0,10   [ RunTime:0.0000s ]

[ 2017-05-29T15:49:39+08:00 ] ::1 /wxbook/api.php?c=NewBook&a=getbook&start=0&count=10
INFO: [ app_init ] --START--
INFO: Run Behavior\BuildLiteBehavior [ RunTime:0.000000s ]
INFO: [ app_init ] --END-- [ RunTime:0.002500s ]
INFO: [ app_begin ] --START--
INFO: Run Behavior\ReadHtmlCacheBehavior [ RunTime:0.002500s ]
INFO: [ app_begin ] --END-- [ RunTime:0.002500s ]
SQL: SHOW COLUMNS FROM `wxbook_douban_newbook` [ RunTime:0.0100s ]
SQL: SELECT * FROM `wxbook_douban_newbook` LIMIT 0,10   [ RunTime:0.0025s ]

[ 2017-05-29T15:49:39+08:00 ] ::1 /wxbook/api.php?c=Position&a=getPosition&id=1
INFO: [ app_init ] --START--
INFO: Run Behavior\BuildLiteBehavior [ RunTime:0.000000s ]
INFO: [ app_init ] --END-- [ RunTime:0.002500s ]
INFO: [ app_begin ] --START--
INFO: Run Behavior\ReadHtmlCacheBehavior [ RunTime:0.002500s ]
INFO: [ app_begin ] --END-- [ RunTime:0.002500s ]
SQL: SHOW COLUMNS FROM `wxbook_position` [ RunTime:0.0225s ]
SQL: SELECT * FROM `wxbook_position` WHERE ( itemid=1 ) ORDER BY listorder desc LIMIT 0,3   [ RunTime:0.0075s ]
SQL: SHOW COLUMNS FROM `wxbook_book` [ RunTime:0.0125s ]
SQL: SELECT * FROM `wxbook_book` WHERE ( bookid=3259440 ) LIMIT 1   [ RunTime:0.0000s ]
SQL: SELECT * FROM `wxbook_book` WHERE ( bookid=25862578 ) LIMIT 1   [ RunTime:0.0075s ]
SQL: SELECT * FROM `wxbook_book` WHERE ( bookid=1046265 ) LIMIT 1   [ RunTime:0.0025s ]

[ 2017-05-29T15:49:39+08:00 ] ::1 /wxbook/api.php?c=HotBook&a=getbook&start=0&count=10
INFO: [ app_init ] --START--
INFO: Run Behavior\BuildLiteBehavior [ RunTime:0.000000s ]
INFO: [ app_init ] --END-- [ RunTime:0.010000s ]
INFO: [ app_begin ] --START--
INFO: Run Behavior\ReadHtmlCacheBehavior [ RunTime:0.002500s ]
INFO: [ app_begin ] --END-- [ RunTime:0.005000s ]
SQL: SHOW COLUMNS FROM `wxbook_douban_hotbook` [ RunTime:0.0150s ]
SQL: SELECT * FROM `wxbook_douban_hotbook` LIMIT 0,10   [ RunTime:0.0000s ]

[ 2017-05-29T16:05:44+08:00 ] ::1 /wxbook/api.php?c=book&a=getbookbytag&tag=&start=83&count=6
INFO: [ app_init ] --START--
INFO: Run Behavior\BuildLiteBehavior [ RunTime:0.000000s ]
INFO: [ app_init ] --END-- [ RunTime:0.002500s ]
INFO: [ app_begin ] --START--
INFO: Run Behavior\ReadHtmlCacheBehavior [ RunTime:0.002500s ]
INFO: [ app_begin ] --END-- [ RunTime:0.002500s ]
SQL: SHOW COLUMNS FROM `wxbook_book` [ RunTime:0.0175s ]
SQL: SELECT * FROM `wxbook_book` WHERE `tags` LIKE '%%' LIMIT 83,6   [ RunTime:0.0050s ]

[ 2017-05-29T16:15:00+08:00 ] ::1 /wxbook/api.php?c=NewBook&a=getbook&start=0&count=10
INFO: [ app_init ] --START--
INFO: Run Behavior\BuildLiteBehavior [ RunTime:0.000000s ]
INFO: [ app_init ] --END-- [ RunTime:0.002500s ]
INFO: [ app_begin ] --START--
INFO: Run Behavior\ReadHtmlCacheBehavior [ RunTime:0.002500s ]
INFO: [ app_begin ] --END-- [ RunTime:0.005000s ]
SQL: SHOW COLUMNS FROM `wxbook_douban_newbook` [ RunTime:0.0200s ]
SQL: SELECT * FROM `wxbook_douban_newbook` LIMIT 0,10   [ RunTime:0.0000s ]

[ 2017-05-29T16:15:00+08:00 ] ::1 /wxbook/api.php?c=Top250&a=getbook&start=0&count=10
INFO: [ app_init ] --START--
INFO: Run Behavior\BuildLiteBehavior [ RunTime:0.000000s ]
INFO: [ app_init ] --END-- [ RunTime:0.000000s ]
INFO: [ app_begin ] --START--
INFO: Run Behavior\ReadHtmlCacheBehavior [ RunTime:0.002500s ]
INFO: [ app_begin ] --END-- [ RunTime:0.002500s ]
SQL: SHOW COLUMNS FROM `wxbook_douban_top250` [ RunTime:0.0125s ]
SQL: SELECT * FROM `wxbook_douban_top250` LIMIT 0,10   [ RunTime:0.0000s ]

[ 2017-05-29T16:15:00+08:00 ] ::1 /wxbook/api.php?c=Position&a=getPosition&id=1
INFO: [ app_init ] --START--
INFO: Run Behavior\BuildLiteBehavior [ RunTime:0.000000s ]
INFO: [ app_init ] --END-- [ RunTime:0.002500s ]
INFO: [ app_begin ] --START--
INFO: Run Behavior\ReadHtmlCacheBehavior [ RunTime:0.002500s ]
INFO: [ app_begin ] --END-- [ RunTime:0.002500s ]
SQL: SHOW COLUMNS FROM `wxbook_position` [ RunTime:0.0250s ]
SQL: SELECT * FROM `wxbook_position` WHERE ( itemid=1 ) ORDER BY listorder desc LIMIT 0,3   [ RunTime:0.0025s ]
SQL: SHOW COLUMNS FROM `wxbook_book` [ RunTime:0.0225s ]
SQL: SELECT * FROM `wxbook_book` WHERE ( bookid=3259440 ) LIMIT 1   [ RunTime:0.0025s ]
SQL: SELECT * FROM `wxbook_book` WHERE ( bookid=25862578 ) LIMIT 1   [ RunTime:0.0000s ]
SQL: SELECT * FROM `wxbook_book` WHERE ( bookid=1046265 ) LIMIT 1   [ RunTime:0.0000s ]

[ 2017-05-29T16:15:01+08:00 ] ::1 /wxbook/api.php?c=HotBook&a=getbook&start=0&count=10
INFO: [ app_init ] --START--
INFO: Run Behavior\BuildLiteBehavior [ RunTime:0.000000s ]
INFO: [ app_init ] --END-- [ RunTime:0.000000s ]
INFO: [ app_begin ] --START--
INFO: Run Behavior\ReadHtmlCacheBehavior [ RunTime:0.002500s ]
INFO: [ app_begin ] --END-- [ RunTime:0.007500s ]
SQL: SHOW COLUMNS FROM `wxbook_douban_hotbook` [ RunTime:0.0200s ]
SQL: SELECT * FROM `wxbook_douban_hotbook` LIMIT 0,10   [ RunTime:0.0000s ]

[ 2017-05-29T16:15:39+08:00 ] ::1 /wxbook/api.php?c=Position&a=getPosition&id=1
INFO: [ app_init ] --START--
INFO: Run Behavior\BuildLiteBehavior [ RunTime:0.000000s ]
INFO: [ app_init ] --END-- [ RunTime:0.002500s ]
INFO: [ app_begin ] --START--
INFO: Run Behavior\ReadHtmlCacheBehavior [ RunTime:0.002500s ]
INFO: [ app_begin ] --END-- [ RunTime:0.002500s ]
SQL: SHOW COLUMNS FROM `wxbook_position` [ RunTime:0.0150s ]
SQL: SELECT * FROM `wxbook_position` WHERE ( itemid=1 ) ORDER BY listorder desc LIMIT 0,3   [ RunTime:0.0000s ]
SQL: SHOW COLUMNS FROM `wxbook_book` [ RunTime:0.0150s ]
SQL: SELECT * FROM `wxbook_book` WHERE ( bookid=3259440 ) LIMIT 1   [ RunTime:0.0025s ]
SQL: SELECT * FROM `wxbook_book` WHERE ( bookid=25862578 ) LIMIT 1   [ RunTime:0.0025s ]
SQL: SELECT * FROM `wxbook_book` WHERE ( bookid=1046265 ) LIMIT 1   [ RunTime:0.0025s ]

[ 2017-05-29T16:15:40+08:00 ] ::1 /wxbook/api.php?c=NewBook&a=getbook&start=0&count=10
INFO: [ app_init ] --START--
INFO: Run Behavior\BuildLiteBehavior [ RunTime:0.000000s ]
INFO: [ app_init ] --END-- [ RunTime:0.000000s ]
INFO: [ app_begin ] --START--
INFO: Run Behavior\ReadHtmlCacheBehavior [ RunTime:0.002500s ]
INFO: [ app_begin ] --END-- [ RunTime:0.002500s ]
SQL: SHOW COLUMNS FROM `wxbook_douban_newbook` [ RunTime:0.0125s ]
SQL: SELECT * FROM `wxbook_douban_newbook` LIMIT 0,10   [ RunTime:0.0000s ]

[ 2017-05-29T16:15:40+08:00 ] ::1 /wxbook/api.php?c=Top250&a=getbook&start=0&count=10
INFO: [ app_init ] --START--
INFO: Run Behavior\BuildLiteBehavior [ RunTime:0.000000s ]
INFO: [ app_init ] --END-- [ RunTime:0.002500s ]
INFO: [ app_begin ] --START--
INFO: Run Behavior\ReadHtmlCacheBehavior [ RunTime:0.015001s ]
INFO: [ app_begin ] --END-- [ RunTime:0.015001s ]
SQL: SHOW COLUMNS FROM `wxbook_douban_top250` [ RunTime:0.0325s ]
SQL: SELECT * FROM `wxbook_douban_top250` LIMIT 0,10   [ RunTime:0.0075s ]

[ 2017-05-29T16:15:40+08:00 ] ::1 /wxbook/api.php?c=HotBook&a=getbook&start=0&count=10
INFO: [ app_init ] --START--
INFO: Run Behavior\BuildLiteBehavior [ RunTime:0.000000s ]
INFO: [ app_init ] --END-- [ RunTime:0.002500s ]
INFO: [ app_begin ] --START--
INFO: Run Behavior\ReadHtmlCacheBehavior [ RunTime:0.002500s ]
INFO: [ app_begin ] --END-- [ RunTime:0.002500s ]
SQL: SHOW COLUMNS FROM `wxbook_douban_hotbook` [ RunTime:0.0175s ]
SQL: SELECT * FROM `wxbook_douban_hotbook` LIMIT 0,10   [ RunTime:0.0000s ]

[ 2017-05-29T16:30:16+08:00 ] ::1 /wxbook/api.php?c=Top250&a=getbook&start=0&count=10
INFO: [ app_init ] --START--
INFO: Run Behavior\BuildLiteBehavior [ RunTime:0.000000s ]
INFO: [ app_init ] --END-- [ RunTime:0.003000s ]
INFO: [ app_begin ] --START--
INFO: Run Behavior\ReadHtmlCacheBehavior [ RunTime:0.004000s ]
INFO: [ app_begin ] --END-- [ RunTime:0.005000s ]
SQL: SHOW COLUMNS FROM `wxbook_douban_top250` [ RunTime:0.0110s ]
SQL: SELECT * FROM `wxbook_douban_top250` LIMIT 0,10   [ RunTime:0.0010s ]

[ 2017-05-29T16:30:16+08:00 ] ::1 /wxbook/api.php?c=HotBook&a=getbook&start=0&count=10
INFO: [ app_init ] --START--
INFO: Run Behavior\BuildLiteBehavior [ RunTime:0.000000s ]
INFO: [ app_init ] --END-- [ RunTime:0.008001s ]
INFO: [ app_begin ] --START--
INFO: Run Behavior\ReadHtmlCacheBehavior [ RunTime:0.002000s ]
INFO: [ app_begin ] --END-- [ RunTime:0.002000s ]
SQL: SHOW COLUMNS FROM `wxbook_douban_hotbook` [ RunTime:0.0270s ]
SQL: SELECT * FROM `wxbook_douban_hotbook` LIMIT 0,10   [ RunTime:0.0010s ]

[ 2017-05-29T16:30:16+08:00 ] ::1 /wxbook/api.php?c=NewBook&a=getbook&start=0&count=10
INFO: [ app_init ] --START--
INFO: Run Behavior\BuildLiteBehavior [ RunTime:0.000000s ]
INFO: [ app_init ] --END-- [ RunTime:0.002000s ]
INFO: [ app_begin ] --START--
INFO: Run Behavior\ReadHtmlCacheBehavior [ RunTime:0.001000s ]
INFO: [ app_begin ] --END-- [ RunTime:0.003000s ]
SQL: SHOW COLUMNS FROM `wxbook_douban_newbook` [ RunTime:0.0230s ]
SQL: SELECT * FROM `wxbook_douban_newbook` LIMIT 0,10   [ RunTime:0.0060s ]

[ 2017-05-29T16:30:16+08:00 ] ::1 /wxbook/api.php?c=Position&a=getPosition&id=1
INFO: [ app_init ] --START--
INFO: Run Behavior\BuildLiteBehavior [ RunTime:0.000000s ]
INFO: [ app_init ] --END-- [ RunTime:0.003000s ]
INFO: [ app_begin ] --START--
INFO: Run Behavior\ReadHtmlCacheBehavior [ RunTime:0.001000s ]
INFO: [ app_begin ] --END-- [ RunTime:0.003000s ]
SQL: SHOW COLUMNS FROM `wxbook_position` [ RunTime:0.0070s ]
SQL: SELECT * FROM `wxbook_position` WHERE ( itemid=1 ) ORDER BY listorder desc LIMIT 0,3   [ RunTime:0.0010s ]
SQL: SHOW COLUMNS FROM `wxbook_book` [ RunTime:0.0150s ]
SQL: SELECT * FROM `wxbook_book` WHERE ( bookid=3259440 ) LIMIT 1   [ RunTime:0.0010s ]
SQL: SELECT * FROM `wxbook_book` WHERE ( bookid=25862578 ) LIMIT 1   [ RunTime:0.0010s ]
SQL: SELECT * FROM `wxbook_book` WHERE ( bookid=1046265 ) LIMIT 1   [ RunTime:0.0010s ]

